* installing *source* package ‘BioCro’ ...
** libs
gcc -std=gnu99 -I/usr/share/R/include -DNDEBUG     -Wall -fpic  -g  -c Assigncropcent.c -o Assigncropcent.o
In file included from Assigncropcent.c:4:0:
crocent.h:720:8: warning: ‘struct frostParms’ declared inside parameter list [enabled by default]
crocent.h:720:8: warning: its scope is only this definition or declaration, which is probably not what you want [enabled by default]
crocent.h:724:105: warning: ‘struct frostParms’ declared inside parameter list [enabled by default]
crocent.h:725:105: warning: ‘struct frostParms’ declared inside parameter list [enabled by default]
crocent.h:726:114: warning: ‘struct frostParms’ declared inside parameter list [enabled by default]
crocent.h:727:146: warning: ‘struct frostParms’ declared inside parameter list [enabled by default]
crocent.h:757:105: warning: ‘struct frostParms’ declared inside parameter list [enabled by default]
crocent.h:792:27: warning: ‘struct frostParms’ declared inside parameter list [enabled by default]
Assigncropcent.c: In function ‘assignENV’:
Assigncropcent.c:440:3: warning: implicit declaration of function ‘GetLeachingParms’ [-Wimplicit-function-declaration]
Assigncropcent.c: At top level:
Assigncropcent.c:631:6: warning: conflicting types for ‘GetLeachingParms’ [enabled by default]
Assigncropcent.c:440:3: note: previous implicit declaration of ‘GetLeachingParms’ was here
gcc -std=gnu99 -I/usr/share/R/include -DNDEBUG     -Wall -fpic  -g  -c AuxBioCro.c -o AuxBioCro.o
AuxBioCro.c: In function ‘EvapoTrans’:
AuxBioCro.c:230:49: warning: variable ‘LeafboundaryLayer’ set but not used [-Wunused-but-set-variable]
AuxBioCro.c:226:22: warning: variable ‘WindSpeedTopCanopy’ set but not used [-Wunused-but-set-variable]
AuxBioCro.c: In function ‘watstr’:
AuxBioCro.c:686:30: warning: variable ‘runoff2’ set but not used [-Wunused-but-set-variable]
AuxBioCro.c: In function ‘soilML’:
AuxBioCro.c:810:26: warning: variable ‘tmp3’ set but not used [-Wunused-but-set-variable]
gcc -std=gnu99 -I/usr/share/R/include -DNDEBUG     -Wall -fpic  -g  -c AuxCropGro.c -o AuxCropGro.o
AuxCropGro.c: In function ‘dailymiscanthus’:
AuxCropGro.c:495:11: warning: implicit declaration of function ‘cropcent_dbp’ [-Wimplicit-function-declaration]
AuxCropGro.c:478:34: warning: unused variable ‘newroot’ [-Wunused-variable]
AuxCropGro.c:478:26: warning: unused variable ‘newrhiz’ [-Wunused-variable]
AuxCropGro.c:478:18: warning: unused variable ‘newstem’ [-Wunused-variable]
AuxCropGro.c:478:10: warning: unused variable ‘newleaf’ [-Wunused-variable]
AuxCropGro.c:475:10: warning: unused variable ‘remobilized’ [-Wunused-variable]
AuxCropGro.c:469:30: warning: variable ‘remobRhiz’ set but not used [-Wunused-but-set-variable]
AuxCropGro.c:469:20: warning: variable ‘remobRoot’ set but not used [-Wunused-but-set-variable]
AuxCropGro.c:469:10: warning: variable ‘remobStem’ set but not used [-Wunused-but-set-variable]
AuxCropGro.c: In function ‘updatedormantstage’:
AuxCropGro.c:760:42: warning: variable ‘newcarb’ set but not used [-Wunused-but-set-variable]
gcc -std=gnu99 -I/usr/share/R/include -DNDEBUG     -Wall -fpic  -g  -c AuxMaizeGro.c -o AuxMaizeGro.o
gcc -std=gnu99 -I/usr/share/R/include -DNDEBUG     -Wall -fpic  -g  -c AuxcaneGro.c -o AuxcaneGro.o
AuxcaneGro.c: In function ‘soilML_rootfront’:
AuxcaneGro.c:163:4: warning: implicit declaration of function ‘SoilEvapo’ [-Wimplicit-function-declaration]
AuxcaneGro.c:27:19: warning: variable ‘tmp3’ set but not used [-Wunused-but-set-variable]
AuxcaneGro.c: In function ‘SUGARCANE_DBP_CUADRA’:
AuxcaneGro.c:246:25: warning: unused variable ‘RM0’ [-Wunused-variable]
AuxcaneGro.c:244:35: warning: variable ‘Afib’ set but not used [-Wunused-but-set-variable]
gcc -std=gnu99 -I/usr/share/R/include -DNDEBUG     -Wall -fpic  -g  -c Auxcropcent.c -o Auxcropcent.o
In file included from Auxcropcent.c:4:0:
crocent.h:720:8: warning: ‘struct frostParms’ declared inside parameter list [enabled by default]
crocent.h:720:8: warning: its scope is only this definition or declaration, which is probably not what you want [enabled by default]
crocent.h:724:105: warning: ‘struct frostParms’ declared inside parameter list [enabled by default]
crocent.h:725:105: warning: ‘struct frostParms’ declared inside parameter list [enabled by default]
crocent.h:726:114: warning: ‘struct frostParms’ declared inside parameter list [enabled by default]
crocent.h:727:146: warning: ‘struct frostParms’ declared inside parameter list [enabled by default]
crocent.h:757:105: warning: ‘struct frostParms’ declared inside parameter list [enabled by default]
crocent.h:792:27: warning: ‘struct frostParms’ declared inside parameter list [enabled by default]
Auxcropcent.c: In function ‘updatecropcentpools’:
Auxcropcent.c:9:27: warning: variable ‘delK’ set but not used [-Wunused-but-set-variable]
Auxcropcent.c:9:22: warning: variable ‘delS’ set but not used [-Wunused-but-set-variable]
Auxcropcent.c:9:16: warning: variable ‘delP’ set but not used [-Wunused-but-set-variable]
Auxcropcent.c: In function ‘UpdateCropcentPoolsFromBioCro’:
Auxcropcent.c:227:1: warning: "/*" within comment [-Wcomment]
Auxcropcent.c:232:23: warning: unused variable ‘Eflowm’ [-Wunused-variable]
Auxcropcent.c:231:17: warning: unused variable ‘flowC’ [-Wunused-variable]
Auxcropcent.c:230:19: warning: unused variable ‘flowE’ [-Wunused-variable]
Auxcropcent.c: In function ‘decomposeCROPCENT’:
Auxcropcent.c:390:9: warning: passing argument 2 of ‘CheckDecomposition’ from incompatible pointer type [enabled by default]
crocent.h:569:5: note: expected ‘struct minerals *’ but argument is of type ‘struct flow *’
Auxcropcent.c:394:9: warning: passing argument 2 of ‘CheckDecomposition’ from incompatible pointer type [enabled by default]
crocent.h:569:5: note: expected ‘struct minerals *’ but argument is of type ‘struct flow *’
Auxcropcent.c:398:10: warning: passing argument 2 of ‘CheckDecomposition’ from incompatible pointer type [enabled by default]
crocent.h:569:5: note: expected ‘struct minerals *’ but argument is of type ‘struct flow *’
Auxcropcent.c:399:11: warning: passing argument 1 of ‘decomposeWOOD2’ from incompatible pointer type [enabled by default]
crocent.h:593:6: note: expected ‘struct wood2 *’ but argument is of type ‘struct wood3 *’
Auxcropcent.c:413:9: warning: passing argument 2 of ‘CheckDecomposition’ from incompatible pointer type [enabled by default]
crocent.h:569:5: note: expected ‘struct minerals *’ but argument is of type ‘struct flow *’
Auxcropcent.c:417:9: warning: passing argument 2 of ‘CheckDecomposition’ from incompatible pointer type [enabled by default]
crocent.h:569:5: note: expected ‘struct minerals *’ but argument is of type ‘struct flow *’
Auxcropcent.c:422:10: warning: passing argument 2 of ‘CheckDecomposition’ from incompatible pointer type [enabled by default]
crocent.h:569:5: note: expected ‘struct minerals *’ but argument is of type ‘struct flow *’
Auxcropcent.c:426:9: warning: passing argument 2 of ‘CheckDecomposition’ from incompatible pointer type [enabled by default]
crocent.h:569:5: note: expected ‘struct minerals *’ but argument is of type ‘struct flow *’
Auxcropcent.c:430:10: warning: passing argument 2 of ‘CheckDecomposition’ from incompatible pointer type [enabled by default]
crocent.h:569:5: note: expected ‘struct minerals *’ but argument is of type ‘struct flow *’
Auxcropcent.c:431:9: warning: implicit declaration of function ‘decomposeSOM2C1’ [-Wimplicit-function-declaration]
Auxcropcent.c:434:9: warning: passing argument 2 of ‘CheckDecomposition’ from incompatible pointer type [enabled by default]
crocent.h:569:5: note: expected ‘struct minerals *’ but argument is of type ‘struct flow *’
Auxcropcent.c:438:9: warning: passing argument 2 of ‘CheckDecomposition’ from incompatible pointer type [enabled by default]
crocent.h:569:5: note: expected ‘struct minerals *’ but argument is of type ‘struct flow *’
Auxcropcent.c: In function ‘decomposeSOM3C’:
Auxcropcent.c:457:16: warning: unused variable ‘p3co2’ [-Wunused-variable]
Auxcropcent.c:454:20: warning: unused variable ‘tmp1’ [-Wunused-variable]
Auxcropcent.c:454:16: warning: unused variable ‘tmp’ [-Wunused-variable]
Auxcropcent.c: In function ‘decomposeSOM2C2’:
Auxcropcent.c:498:16: warning: unused variable ‘eftext’ [-Wunused-variable]
Auxcropcent.c:497:16: warning: unused variable ‘p2co2’ [-Wunused-variable]
Auxcropcent.c:493:20: warning: unused variable ‘tmp1’ [-Wunused-variable]
Auxcropcent.c:493:16: warning: unused variable ‘tmp’ [-Wunused-variable]
Auxcropcent.c: At top level:
Auxcropcent.c:532:6: warning: conflicting types for ‘decomposeSOM2C1’ [enabled by default]
Auxcropcent.c:431:9: note: previous implicit declaration of ‘decomposeSOM2C1’ was here
Auxcropcent.c: In function ‘decomposeSOM2C1’:
Auxcropcent.c:545:16: warning: unused variable ‘p2co2’ [-Wunused-variable]
Auxcropcent.c:543:26: warning: unused variable ‘tosom1c1’ [-Wunused-variable]
Auxcropcent.c:543:16: warning: unused variable ‘tosom2c1’ [-Wunused-variable]
Auxcropcent.c:541:20: warning: unused variable ‘tmp1’ [-Wunused-variable]
Auxcropcent.c:541:16: warning: unused variable ‘tmp’ [-Wunused-variable]
Auxcropcent.c: In function ‘decomposeSOM1C2’:
Auxcropcent.c:594:16: warning: unused variable ‘lignindecomrate’ [-Wunused-variable]
Auxcropcent.c:592:26: warning: unused variable ‘tosom1c1’ [-Wunused-variable]
Auxcropcent.c:592:16: warning: unused variable ‘tosom2c1’ [-Wunused-variable]
Auxcropcent.c:590:20: warning: unused variable ‘tmp1’ [-Wunused-variable]
Auxcropcent.c:590:16: warning: unused variable ‘tmp’ [-Wunused-variable]
Auxcropcent.c: In function ‘decomposeSOM1C1’:
Auxcropcent.c:653:16: warning: unused variable ‘lignindecomrate’ [-Wunused-variable]
Auxcropcent.c:651:26: warning: unused variable ‘tosom1c1’ [-Wunused-variable]
Auxcropcent.c:651:16: warning: unused variable ‘tosom2c1’ [-Wunused-variable]
Auxcropcent.c:649:20: warning: unused variable ‘tmp1’ [-Wunused-variable]
Auxcropcent.c:649:16: warning: unused variable ‘tmp’ [-Wunused-variable]
Auxcropcent.c: In function ‘decomposeWOOD3’:
Auxcropcent.c:698:30: warning: variable ‘anerb’ set but not used [-Wunused-but-set-variable]
Auxcropcent.c:695:20: warning: unused variable ‘tmp1’ [-Wunused-variable]
Auxcropcent.c: In function ‘decomposeWOOD2’:
Auxcropcent.c:745:20: warning: unused variable ‘tmp1’ [-Wunused-variable]
Auxcropcent.c: In function ‘decomposeWOOD1’:
Auxcropcent.c:794:20: warning: unused variable ‘tmp1’ [-Wunused-variable]
Auxcropcent.c: In function ‘decomposeMETABC2’:
Auxcropcent.c:845:20: warning: unused variable ‘tmp1’ [-Wunused-variable]
Auxcropcent.c:845:16: warning: unused variable ‘tmp’ [-Wunused-variable]
Auxcropcent.c: In function ‘decomposeMETABC1’:
Auxcropcent.c:886:30: warning: unused variable ‘bgdefac’ [-Wunused-variable]
Auxcropcent.c:885:16: warning: unused variable ‘tosom1c1’ [-Wunused-variable]
Auxcropcent.c:883:20: warning: unused variable ‘tmp1’ [-Wunused-variable]
Auxcropcent.c:883:16: warning: unused variable ‘tmp’ [-Wunused-variable]
Auxcropcent.c: In function ‘decomposeSTRUCC2’:
Auxcropcent.c:925:22: warning: unused variable ‘agdefac’ [-Wunused-variable]
Auxcropcent.c:922:20: warning: unused variable ‘tmp1’ [-Wunused-variable]
Auxcropcent.c: In function ‘decomposeSTRUCC1’:
Auxcropcent.c:977:30: warning: unused variable ‘bgdefac’ [-Wunused-variable]
Auxcropcent.c: In function ‘timescaling’:
Auxcropcent.c:1124:5: warning: ‘return’ with no value, in function returning non-void [enabled by default]
gcc -std=gnu99 -I/usr/share/R/include -DNDEBUG     -Wall -fpic  -g  -c AuxwillowGro.c -o AuxwillowGro.o
In file included from AuxwillowGro.c:36:0:
AuxwillowGro.h:27:0: warning: "MAXLAY" redefined [enabled by default]
AuxBioCro.h:15:0: note: this is the location of the previous definition
AuxwillowGro.c: In function ‘getcanopyLNprof’:
AuxwillowGro.c:275:16: warning: unused variable ‘leafNla’ [-Wunused-variable]
AuxwillowGro.c: In function ‘c3CanAC’:
AuxwillowGro.c:335:2: warning: "/*" within comment [-Wcomment]
AuxwillowGro.c:337:9: warning: "/*" within comment [-Wcomment]
AuxwillowGro.c:372:6: warning: implicit declaration of function ‘LNprof’ [-Wimplicit-function-declaration]
AuxwillowGro.c:331:10: warning: variable ‘vmax1’ set but not used [-Wunused-but-set-variable]
AuxwillowGro.c:327:10: warning: unused variable ‘CanopyC’ [-Wunused-variable]
AuxwillowGro.c:326:10: warning: unused variable ‘CanopyPr’ [-Wunused-variable]
AuxwillowGro.c:325:10: warning: unused variable ‘CanopyPe’ [-Wunused-variable]
AuxwillowGro.c:316:19: warning: variable ‘TempIdiff’ set but not used [-Wunused-but-set-variable]
AuxwillowGro.c: In function ‘newc3CanAC’:
AuxwillowGro.c:475:2: warning: "/*" within comment [-Wcomment]
AuxwillowGro.c:477:2: warning: "/*" within comment [-Wcomment]
AuxwillowGro.c:471:11: warning: variable ‘vmax1’ set but not used [-Wunused-but-set-variable]
AuxwillowGro.c:468:10: warning: unused variable ‘CanHeight’ [-Wunused-variable]
g++ -I/usr/share/R/include -DNDEBUG      -fpic  -g -O2 -fstack-protector --param=ssp-buffer-size=4 -Wformat -Wformat-security -Werror=format-security -D_FORTIFY_SOURCE=2 -g  -c BBox.cpp -o BBox.o
gcc -std=gnu99 -I/usr/share/R/include -DNDEBUG     -Wall -fpic  -g  -c BioCro.c -o BioCro.o
In file included from BioCro.c:14:0:
crocent.h:720:8: warning: ‘struct frostParms’ declared inside parameter list [enabled by default]
crocent.h:720:8: warning: its scope is only this definition or declaration, which is probably not what you want [enabled by default]
crocent.h:724:105: warning: ‘struct frostParms’ declared inside parameter list [enabled by default]
crocent.h:725:105: warning: ‘struct frostParms’ declared inside parameter list [enabled by default]
crocent.h:726:114: warning: ‘struct frostParms’ declared inside parameter list [enabled by default]
crocent.h:727:146: warning: ‘struct frostParms’ declared inside parameter list [enabled by default]
crocent.h:757:105: warning: ‘struct frostParms’ declared inside parameter list [enabled by default]
crocent.h:792:27: warning: ‘struct frostParms’ declared inside parameter list [enabled by default]
BioCro.c: In function ‘MisGro’:
BioCro.c:75:64: warning: unused variable ‘rhizomelitter’ [-Wunused-variable]
BioCro.c:75:52: warning: unused variable ‘rootlitter’ [-Wunused-variable]
BioCro.c:75:40: warning: unused variable ‘stemlitter’ [-Wunused-variable]
BioCro.c:75:28: warning: unused variable ‘leaflitter’ [-Wunused-variable]
BioCro.c: In function ‘SABioGro’:
BioCro.c:910:9: warning: variable ‘sCanopyAssim’ set but not used [-Wunused-but-set-variable]
BioCro.c:888:6: warning: variable ‘timestep’ set but not used [-Wunused-but-set-variable]
BioCro.c: In function ‘BioGro’:
BioCro.c:1932:9: warning: variable ‘Resp’ set but not used [-Wunused-but-set-variable]
gcc -std=gnu99 -I/usr/share/R/include -DNDEBUG     -Wall -fpic  -g  -c CalculateBiogeochem.c -o CalculateBiogeochem.o
CalculateBiogeochem.c:2:21: warning: missing terminating " character [enabled by default]
CalculateBiogeochem.c:2:21: warning: extra tokens at end of #include directive [enabled by default]
In file included from CalculateBiogeochem.c:2:0:
crocent.h:720:8: warning: ‘struct frostParms’ declared inside parameter list [enabled by default]
crocent.h:720:8: warning: its scope is only this definition or declaration, which is probably not what you want [enabled by default]
crocent.h:724:105: warning: ‘struct frostParms’ declared inside parameter list [enabled by default]
crocent.h:725:105: warning: ‘struct frostParms’ declared inside parameter list [enabled by default]
crocent.h:726:114: warning: ‘struct frostParms’ declared inside parameter list [enabled by default]
crocent.h:727:146: warning: ‘struct frostParms’ declared inside parameter list [enabled by default]
crocent.h:757:105: warning: ‘struct frostParms’ declared inside parameter list [enabled by default]
crocent.h:792:27: warning: ‘struct frostParms’ declared inside parameter list [enabled by default]
CalculateBiogeochem.c: In function ‘CalculateBiogeochem’:
CalculateBiogeochem.c:89:7: warning: passing argument 1 of ‘UpdateCropcentPoolsFromBioCro’ from incompatible pointer type [enabled by default]
crocent.h:562:6: note: expected ‘struct cropcentlayer *’ but argument is of type ‘struct cropcentlayer **’
CalculateBiogeochem.c:93:7: warning: passing argument 1 of ‘UpdateCropcentPoolsFromBioCro’ from incompatible pointer type [enabled by default]
crocent.h:562:6: note: expected ‘struct cropcentlayer *’ but argument is of type ‘struct cropcentlayer **’
CalculateBiogeochem.c:97:7: warning: passing argument 1 of ‘UpdateCropcentPoolsFromBioCro’ from incompatible pointer type [enabled by default]
crocent.h:562:6: note: expected ‘struct cropcentlayer *’ but argument is of type ‘struct cropcentlayer **’
CalculateBiogeochem.c:101:7: warning: passing argument 1 of ‘UpdateCropcentPoolsFromBioCro’ from incompatible pointer type [enabled by default]
crocent.h:562:6: note: expected ‘struct cropcentlayer *’ but argument is of type ‘struct cropcentlayer **’
CalculateBiogeochem.c:111:6: warning: passing argument 1 of ‘assignENV’ from incompatible pointer type [enabled by default]
crocent.h:541:6: note: expected ‘struct cropcentlayer *’ but argument is of type ‘struct cropcentlayer **’
CalculateBiogeochem.c:117:6: warning: passing argument 1 of ‘assignFluxRatios’ from incompatible pointer type [enabled by default]
crocent.h:540:6: note: expected ‘struct cropcentlayer *’ but argument is of type ‘struct cropcentlayer **’
CalculateBiogeochem.c:120:6: warning: passing argument 1 of ‘decomposeCROPCENT’ from incompatible pointer type [enabled by default]
crocent.h:564:6: note: expected ‘struct cropcentlayer *’ but argument is of type ‘struct cropcentlayer **’
CalculateBiogeochem.c:123:7: warning: passing argument 1 of ‘updatecropcentpools’ from incompatible pointer type [enabled by default]
crocent.h:616:6: note: expected ‘struct cropcentlayer *’ but argument is of type ‘struct cropcentlayer **’
CalculateBiogeochem.c:126:4: warning: passing argument 1 of ‘Copy_CropCent_To_DayCent_Structures’ from incompatible pointer type [enabled by default]
function_prototype.h:12:6: note: expected ‘struct cropcentlayer *’ but argument is of type ‘struct soilprofile *’
CalculateBiogeochem.c:142:19: warning: passing argument 12 of ‘trace_gas_model’ from incompatible pointer type [enabled by default]
soilwater.h:201:6: note: expected ‘double *’ but argument is of type ‘int *’
CalculateBiogeochem.c:111:15: warning: ‘fake’ is used uninitialized in this function [-Wuninitialized]
CalculateBiogeochem.c:126:39: warning: ‘sitepar’ is used uninitialized in this function [-Wuninitialized]
CalculateBiogeochem.c:126:39: warning: ‘layers’ is used uninitialized in this function [-Wuninitialized]
CalculateBiogeochem.c:126:39: warning: ‘soil’ is used uninitialized in this function [-Wuninitialized]
gcc -std=gnu99 -I/usr/share/R/include -DNDEBUG     -Wall -fpic  -g  -c Calculate_Soil_Layer_Temperature.c -o Calculate_Soil_Layer_Temperature.o
In file included from Calculate_Soil_Layer_Temperature.c:1:0:
crocent.h:720:8: warning: ‘struct frostParms’ declared inside parameter list [enabled by default]
crocent.h:720:8: warning: its scope is only this definition or declaration, which is probably not what you want [enabled by default]
crocent.h:724:105: warning: ‘struct frostParms’ declared inside parameter list [enabled by default]
crocent.h:725:105: warning: ‘struct frostParms’ declared inside parameter list [enabled by default]
crocent.h:726:114: warning: ‘struct frostParms’ declared inside parameter list [enabled by default]
crocent.h:727:146: warning: ‘struct frostParms’ declared inside parameter list [enabled by default]
crocent.h:757:105: warning: ‘struct frostParms’ declared inside parameter list [enabled by default]
crocent.h:792:27: warning: ‘struct frostParms’ declared inside parameter list [enabled by default]
gcc -std=gnu99 -I/usr/share/R/include -DNDEBUG     -Wall -fpic  -g  -c CanA.c -o CanA.o
CanA.c: In function ‘CanA’:
CanA.c:113:10: warning: unused variable ‘lnb1’ [-Wunused-variable]
CanA.c:112:10: warning: unused variable ‘lnb0’ [-Wunused-variable]
gcc -std=gnu99 -I/usr/share/R/include -DNDEBUG     -Wall -fpic  -g  -c CanAC_3D.c -o CanAC_3D.o
CanAC_3D.c: In function ‘CanAC_3D’:
CanAC_3D.c:55:22: warning: variable ‘cosTh’ set but not used [-Wunused-but-set-variable]
CanAC_3D.c: At top level:
CanAC_3D.c:167:3: warning: "/*" within comment [-Wcomment]
gcc -std=gnu99 -I/usr/share/R/include -DNDEBUG     -Wall -fpic  -g  -c Century.c -o Century.o
g++ -I/usr/share/R/include -DNDEBUG      -fpic  -g -O2 -fstack-protector --param=ssp-buffer-size=4 -Wformat -Wformat-security -Werror=format-security -D_FORTIFY_SOURCE=2 -g  -c Climate.cpp -o Climate.o
g++ -I/usr/share/R/include -DNDEBUG      -fpic  -g -O2 -fstack-protector --param=ssp-buffer-size=4 -Wformat -Wformat-security -Werror=format-security -D_FORTIFY_SOURCE=2 -g  -c Compound.cpp -o Compound.o
gcc -std=gnu99 -I/usr/share/R/include -DNDEBUG     -Wall -fpic  -g  -c Copy_CropCent_To_DayCent_Structure.c -o Copy_CropCent_To_DayCent_Structure.o
In file included from Copy_CropCent_To_DayCent_Structure.c:2:0:
crocent.h:720:8: warning: ‘struct frostParms’ declared inside parameter list [enabled by default]
crocent.h:720:8: warning: its scope is only this definition or declaration, which is probably not what you want [enabled by default]
crocent.h:724:105: warning: ‘struct frostParms’ declared inside parameter list [enabled by default]
crocent.h:725:105: warning: ‘struct frostParms’ declared inside parameter list [enabled by default]
crocent.h:726:114: warning: ‘struct frostParms’ declared inside parameter list [enabled by default]
crocent.h:727:146: warning: ‘struct frostParms’ declared inside parameter list [enabled by default]
crocent.h:757:105: warning: ‘struct frostParms’ declared inside parameter list [enabled by default]
crocent.h:792:27: warning: ‘struct frostParms’ declared inside parameter list [enabled by default]
gcc -std=gnu99 -I/usr/share/R/include -DNDEBUG     -Wall -fpic  -g  -c Copy_SoilWater_BioCro_To_CropCent.c -o Copy_SoilWater_BioCro_To_CropCent.o
In file included from Copy_SoilWater_BioCro_To_CropCent.c:2:0:
crocent.h:720:8: warning: ‘struct frostParms’ declared inside parameter list [enabled by default]
crocent.h:720:8: warning: its scope is only this definition or declaration, which is probably not what you want [enabled by default]
crocent.h:724:105: warning: ‘struct frostParms’ declared inside parameter list [enabled by default]
crocent.h:725:105: warning: ‘struct frostParms’ declared inside parameter list [enabled by default]
crocent.h:726:114: warning: ‘struct frostParms’ declared inside parameter list [enabled by default]
crocent.h:727:146: warning: ‘struct frostParms’ declared inside parameter list [enabled by default]
crocent.h:757:105: warning: ‘struct frostParms’ declared inside parameter list [enabled by default]
crocent.h:792:27: warning: ‘struct frostParms’ declared inside parameter list [enabled by default]
gcc -std=gnu99 -I/usr/share/R/include -DNDEBUG     -Wall -fpic  -g  -c CropGro.c -o CropGro.o
In file included from soilwater.h:14:0,
                 from CropGro.c:16:
swconst.h:12:0: warning: "PI" redefined [enabled by default]
/usr/share/R/include/R_ext/Constants.h:32:0: note: this is the location of the previous definition
gcc -std=gnu99 -I/usr/share/R/include -DNDEBUG     -Wall -fpic  -g  -c CropGro_c.c -o CropGro_c.o
In file included from soilwater.h:14:0,
                 from CropGro_c.c:16:
swconst.h:12:0: warning: "PI" redefined [enabled by default]
/usr/share/R/include/R_ext/Constants.h:32:0: note: this is the location of the previous definition
CropGro_c.c: In function ‘CropGro_c’:
CropGro_c.c:203:19: warning: unused variable ‘dbpS’ [-Wunused-variable]
CropGro_c.c:194:44: warning: variable ‘mrespRhizome’ set but not used [-Wunused-but-set-variable]
CropGro_c.c:194:33: warning: variable ‘mrespRoot’ set but not used [-Wunused-but-set-variable]
CropGro_c.c:194:22: warning: variable ‘mrespStem’ set but not used [-Wunused-but-set-variable]
CropGro_c.c:194:11: warning: variable ‘mrespLeaf’ set but not used [-Wunused-but-set-variable]
CropGro_c.c:193:40: warning: variable ‘dailyGPP’ set but not used [-Wunused-but-set-variable]
CropGro_c.c:186:34: warning: unused variable ‘deltamiscanthus’ [-Wunused-variable]
CropGro_c.c:185:26: warning: unused variable ‘cropdbp’ [-Wunused-variable]
CropGro_c.c:184:39: warning: unused variable ‘Ndemand’ [-Wunused-variable]
CropGro_c.c:184:25: warning: unused variable ‘newstandingN’ [-Wunused-variable]
CropGro_c.c:184:11: warning: unused variable ‘oldstandingN’ [-Wunused-variable]
CropGro_c.c:167:12: warning: variable ‘gRespCoeff’ set but not used [-Wunused-but-set-variable]
CropGro_c.c:166:12: warning: unused variable ‘LeafResp’ [-Wunused-variable]
CropGro_c.c:161:21: warning: variable ‘ri’ set but not used [-Wunused-but-set-variable]
CropGro_c.c:161:18: warning: variable ‘n’ set but not used [-Wunused-but-set-variable]
CropGro_c.c:161:15: warning: variable ‘m’ set but not used [-Wunused-but-set-variable]
CropGro_c.c:161:12: warning: variable ‘q’ set but not used [-Wunused-but-set-variable]
CropGro_c.c:161:9: warning: variable ‘k’ set but not used [-Wunused-but-set-variable]
CropGro_c.c:160:9: warning: unused variable ‘x’ [-Wunused-variable]
CropGro_c.c:159:12: warning: unused variable ‘Remob’ [-Wunused-variable]
CropGro_c.c:158:34: warning: unused variable ‘sti4’ [-Wunused-variable]
CropGro_c.c:158:27: warning: unused variable ‘sti3’ [-Wunused-variable]
CropGro_c.c:158:20: warning: unused variable ‘sti2’ [-Wunused-variable]
CropGro_c.c:158:13: warning: unused variable ‘sti’ [-Wunused-variable]
CropGro_c.c:155:12: warning: variable ‘SCCs’ set but not used [-Wunused-but-set-variable]
CropGro_c.c:154:12: warning: unused variable ‘Nfert’ [-Wunused-variable]
CropGro_c.c:153:9: warning: variable ‘doyNfert’ set but not used [-Wunused-but-set-variable]
CropGro_c.c:150:46: warning: variable ‘leafPotTh’ set but not used [-Wunused-but-set-variable]
CropGro_c.c:150:35: warning: variable ‘transpRes’ set but not used [-Wunused-but-set-variable]
CropGro_c.c:150:29: warning: variable ‘scsf’ set but not used [-Wunused-but-set-variable]
CropGro_c.c:142:18: warning: variable ‘mrc2’ set but not used [-Wunused-but-set-variable]
CropGro_c.c:142:12: warning: variable ‘mrc1’ set but not used [-Wunused-but-set-variable]
CropGro_c.c:140:105: warning: variable ‘RhizomeLitter_d’ set but not used [-Wunused-but-set-variable]
CropGro_c.c:140:91: warning: variable ‘RootLitter_d’ set but not used [-Wunused-but-set-variable]
CropGro_c.c:140:77: warning: variable ‘StemLitter_d’ set but not used [-Wunused-but-set-variable]
CropGro_c.c:140:63: warning: variable ‘LeafLitter_d’ set but not used [-Wunused-but-set-variable]
CropGro_c.c:139:51: warning: variable ‘newGrain’ set but not used [-Wunused-but-set-variable]
CropGro_c.c:139:39: warning: unused variable ‘newRhizome’ [-Wunused-variable]
CropGro_c.c:139:30: warning: unused variable ‘newRoot’ [-Wunused-variable]
CropGro_c.c:139:21: warning: variable ‘newStem’ set but not used [-Wunused-but-set-variable]
CropGro_c.c:139:12: warning: unused variable ‘newLeaf’ [-Wunused-variable]
CropGro_c.c:138:76: warning: variable ‘kGrain’ set but not used [-Wunused-but-set-variable]
CropGro_c.c:138:66: warning: variable ‘kRhizome’ set but not used [-Wunused-but-set-variable]
CropGro_c.c:138:59: warning: variable ‘kRoot’ set but not used [-Wunused-but-set-variable]
CropGro_c.c:138:53: warning: variable ‘kStem’ set but not used [-Wunused-but-set-variable]
CropGro_c.c:138:46: warning: variable ‘kLeaf’ set but not used [-Wunused-but-set-variable]
CropGro_c.c:138:23: warning: unused variable ‘Root’ [-Wunused-variable]
CropGro_c.c:138:17: warning: unused variable ‘Stem’ [-Wunused-variable]
CropGro_c.c:138:11: warning: unused variable ‘Leaf’ [-Wunused-variable]
CropGro_c.c:133:12: warning: unused variable ‘i2’ [-Wunused-variable]
CropGro_c.c:132:12: warning: unused variable ‘iSp’ [-Wunused-variable]
CropGro_c.c:130:9: warning: variable ‘dailyvecsize’ set but not used [-Wunused-but-set-variable]
CropGro_c.c:466:17: warning: ‘fake’ is used uninitialized in this function [-Wuninitialized]
gcc -std=gnu99 -I/usr/share/R/include -DNDEBUG     -Wall -fpic  -g  -c Filling_BioCro_SoilStructure.c -o Filling_BioCro_SoilStructure.o
g++ -I/usr/share/R/include -DNDEBUG      -fpic  -g -O2 -fstack-protector --param=ssp-buffer-size=4 -Wformat -Wformat-security -Werror=format-security -D_FORTIFY_SOURCE=2 -g  -c Grid.cpp -o Grid.o
g++ -I/usr/share/R/include -DNDEBUG      -fpic  -g -O2 -fstack-protector --param=ssp-buffer-size=4 -Wformat -Wformat-security -Werror=format-security -D_FORTIFY_SOURCE=2 -g  -c LeafOptics.cpp -o LeafOptics.o
g++ -I/usr/share/R/include -DNDEBUG      -fpic  -g -O2 -fstack-protector --param=ssp-buffer-size=4 -Wformat -Wformat-security -Werror=format-security -D_FORTIFY_SOURCE=2 -g  -c Maths.cpp -o Maths.o
g++ -I/usr/share/R/include -DNDEBUG      -fpic  -g -O2 -fstack-protector --param=ssp-buffer-size=4 -Wformat -Wformat-security -Werror=format-security -D_FORTIFY_SOURCE=2 -g  -c Normal.cpp -o Normal.o
g++ -I/usr/share/R/include -DNDEBUG      -fpic  -g -O2 -fstack-protector --param=ssp-buffer-size=4 -Wformat -Wformat-security -Werror=format-security -D_FORTIFY_SOURCE=2 -g  -c Point3D.cpp -o Point3D.o
g++ -I/usr/share/R/include -DNDEBUG      -fpic  -g -O2 -fstack-protector --param=ssp-buffer-size=4 -Wformat -Wformat-security -Werror=format-security -D_FORTIFY_SOURCE=2 -g  -c Ray.cpp -o Ray.o
g++ -I/usr/share/R/include -DNDEBUG      -fpic  -g -O2 -fstack-protector --param=ssp-buffer-size=4 -Wformat -Wformat-security -Werror=format-security -D_FORTIFY_SOURCE=2 -g  -c Triangle.cpp -o Triangle.o
g++ -I/usr/share/R/include -DNDEBUG      -fpic  -g -O2 -fstack-protector --param=ssp-buffer-size=4 -Wformat -Wformat-security -Werror=format-security -D_FORTIFY_SOURCE=2 -g  -c Vector3D.cpp -o Vector3D.o
gcc -std=gnu99 -I/usr/share/R/include -DNDEBUG     -Wall -fpic  -g  -c assignManagement.c -o assignManagement.o
In file included from assignManagement.c:5:0:
crocent.h:720:8: warning: ‘struct frostParms’ declared inside parameter list [enabled by default]
crocent.h:720:8: warning: its scope is only this definition or declaration, which is probably not what you want [enabled by default]
crocent.h:724:105: warning: ‘struct frostParms’ declared inside parameter list [enabled by default]
crocent.h:725:105: warning: ‘struct frostParms’ declared inside parameter list [enabled by default]
crocent.h:726:114: warning: ‘struct frostParms’ declared inside parameter list [enabled by default]
crocent.h:727:146: warning: ‘struct frostParms’ declared inside parameter list [enabled by default]
crocent.h:757:105: warning: ‘struct frostParms’ declared inside parameter list [enabled by default]
crocent.h:792:27: warning: ‘struct frostParms’ declared inside parameter list [enabled by default]
gcc -std=gnu99 -I/usr/share/R/include -DNDEBUG     -Wall -fpic  -g  -c c3CanA.c -o c3CanA.o
c3CanA.c: In function ‘c3CanA’:
c3CanA.c:46:1: warning: "/*" within comment [-Wcomment]
gcc -std=gnu99 -I/usr/share/R/include -DNDEBUG     -Wall -fpic  -g  -c c3EvapoTrans.c -o c3EvapoTrans.o
c3EvapoTrans.c: In function ‘c3EvapoTrans’:
c3EvapoTrans.c:56:42: warning: variable ‘LeafboundaryLayer’ set but not used [-Wunused-but-set-variable]
c3EvapoTrans.c:52:15: warning: variable ‘WindSpeedTopCanopy’ set but not used [-Wunused-but-set-variable]
gcc -std=gnu99 -I/usr/share/R/include -DNDEBUG     -Wall -fpic  -g  -c c3photo.c -o c3photo.o
c3photo.c: In function ‘c3photo’:
c3photo.c:30:15: warning: variable ‘nr’ set but not used [-Wunused-but-set-variable]
c3photo.c:30:11: warning: variable ‘nt’ set but not used [-Wunused-but-set-variable]
c3photo.c:20:26: warning: variable ‘Ca’ set but not used [-Wunused-but-set-variable]
c3photo.c: In function ‘c3photoC’:
c3photo.c:185:5: warning: "/*" within comment [-Wcomment]
c3photo.c:186:5: warning: "/*" within comment [-Wcomment]
c3photo.c:147:30: warning: variable ‘OldCi’ set but not used [-Wunused-but-set-variable]
c3photo.c:143:23: warning: variable ‘Citr’ set but not used [-Wunused-but-set-variable]
c3photo.c:140:29: warning: variable ‘Gs0’ set but not used [-Wunused-but-set-variable]
c3photo.c:140:22: warning: variable ‘Assim0’ set but not used [-Wunused-but-set-variable]
gcc -std=gnu99 -I/usr/share/R/include -DNDEBUG     -Wall -fpic  -g  -c c4photo.c -o c4photo.o
c4photo.c: In function ‘c4photo’:
c4photo.c:44:15: warning: variable ‘nr’ set but not used [-Wunused-but-set-variable]
c4photo.c:44:11: warning: variable ‘nt’ set but not used [-Wunused-but-set-variable]
c4photo.c: In function ‘c4photoC’:
c4photo.c:226:9: warning: variable ‘IntCO2’ set but not used [-Wunused-but-set-variable]
c4photo.c:225:9: warning: variable ‘Gs0’ set but not used [-Wunused-but-set-variable]
c4photo.c:224:9: warning: variable ‘Assim0’ set but not used [-Wunused-but-set-variable]
gcc -std=gnu99 -I/usr/share/R/include -DNDEBUG     -Wall -fpic  -g  -c caneGro.c -o caneGro.o
caneGro.c: In function ‘caneGro’:
caneGro.c:128:9: warning: statement with no effect [-Wunused-value]
caneGro.c:134:9: warning: statement with no effect [-Wunused-value]
caneGro.c:140:9: warning: statement with no effect [-Wunused-value]
caneGro.c:146:9: warning: statement with no effect [-Wunused-value]
caneGro.c:551:1: warning: "/*" within comment [-Wcomment]
caneGro.c:606:3: warning: "/*" within comment [-Wcomment]
caneGro.c:796:10: warning: statement with no effect [-Wunused-value]
caneGro.c:955:9: warning: statement with no effect [-Wunused-value]
caneGro.c:965:10: warning: statement with no effect [-Wunused-value]
caneGro.c:486:49: warning: variable ‘leafREMOB’ set but not used [-Wunused-but-set-variable]
caneGro.c:484:9: warning: variable ‘dap’ set but not used [-Wunused-but-set-variable]
caneGro.c:483:9: warning: variable ‘delTT’ set but not used [-Wunused-but-set-variable]
caneGro.c:481:48: warning: unused variable ‘Litter’ [-Wunused-variable]
caneGro.c:481:36: warning: unused variable ‘RhizomeResp’ [-Wunused-variable]
caneGro.c:480:9: warning: variable ‘dailyRhizomeResp’ set but not used [-Wunused-but-set-variable]
caneGro.c:464:9: warning: unused variable ‘hf’ [-Wunused-variable]
caneGro.c:463:9: warning: unused variable ‘chil’ [-Wunused-variable]
caneGro.c:462:9: warning: unused variable ‘kd’ [-Wunused-variable]
caneGro.c:460:6: warning: unused variable ‘nlayers’ [-Wunused-variable]
caneGro.c:291:18: warning: variable ‘centS’ set but not used [-Wunused-but-set-variable]
caneGro.c:287:25: warning: unused variable ‘CanopyRd’ [-Wunused-variable]
caneGro.c:283:9: warning: unused variable ‘Iesuc’ [-Wunused-variable]
caneGro.c:282:9: warning: unused variable ‘Cesuc’ [-Wunused-variable]
caneGro.c:281:9: warning: unused variable ‘Ilsuc’ [-Wunused-variable]
caneGro.c:280:9: warning: unused variable ‘Clsuc’ [-Wunused-variable]
caneGro.c:279:9: warning: unused variable ‘Iestem’ [-Wunused-variable]
caneGro.c:278:9: warning: unused variable ‘Cestem’ [-Wunused-variable]
caneGro.c:277:9: warning: unused variable ‘Ilstem’ [-Wunused-variable]
caneGro.c:276:9: warning: unused variable ‘Clstem’ [-Wunused-variable]
caneGro.c:275:9: warning: unused variable ‘Arm’ [-Wunused-variable]
caneGro.c:274:9: warning: unused variable ‘Alm’ [-Wunused-variable]
caneGro.c:273:9: warning: unused variable ‘Rd’ [-Wunused-variable]
caneGro.c:272:9: warning: unused variable ‘Tmaturity’ [-Wunused-variable]
caneGro.c:271:10: warning: unused variable ‘TTseed’ [-Wunused-variable]
caneGro.c:270:9: warning: unused variable ‘TT0’ [-Wunused-variable]
caneGro.c:266:27: warning: unused variable ‘n’ [-Wunused-variable]
caneGro.c:266:20: warning: unused variable ‘m’ [-Wunused-variable]
caneGro.c:266:13: warning: unused variable ‘q’ [-Wunused-variable]
caneGro.c:266:6: warning: unused variable ‘k’ [-Wunused-variable]
caneGro.c:265:9: warning: unused variable ‘Remob’ [-Wunused-variable]
caneGro.c:264:17: warning: variable ‘sti2’ set but not used [-Wunused-but-set-variable]
caneGro.c:263:45: warning: variable ‘SeneRhizome’ set but not used [-Wunused-but-set-variable]
caneGro.c:261:9: warning: unused variable ‘mResp’ [-Wunused-variable]
caneGro.c:253:6: warning: unused variable ‘lnfun’ [-Wunused-variable]
caneGro.c:252:9: warning: unused variable ‘lnb1’ [-Wunused-variable]
caneGro.c:251:9: warning: unused variable ‘lnb0’ [-Wunused-variable]
caneGro.c:230:16: warning: variable ‘kLN’ set but not used [-Wunused-but-set-variable]
caneGro.c:221:24: warning: unused variable ‘SeneSeedcane’ [-Wunused-variable]
caneGro.c:216:46: warning: unused variable ‘deepak_temp’ [-Wunused-variable]
caneGro.c:216:32: warning: unused variable ‘SugarStress’ [-Wunused-variable]
caneGro.c:213:9: warning: unused variable ‘mrc2’ [-Wunused-variable]
caneGro.c:212:9: warning: unused variable ‘mrc1’ [-Wunused-variable]
caneGro.c:208:29: warning: unused variable ‘RhizomeLitter_d’ [-Wunused-variable]
caneGro.c:208:9: warning: unused variable ‘RootLitter_d’ [-Wunused-variable]
caneGro.c:207:29: warning: unused variable ‘StemLitter_d’ [-Wunused-variable]
caneGro.c:207:9: warning: unused variable ‘LeafLitter_d’ [-Wunused-variable]
caneGro.c:204:54: warning: unused variable ‘newGrain’ [-Wunused-variable]
caneGro.c:204:42: warning: unused variable ‘newRhizome’ [-Wunused-variable]
caneGro.c:203:65: warning: unused variable ‘kGrain’ [-Wunused-variable]
caneGro.c:201:32: warning: unused variable ‘Grain’ [-Wunused-variable]
caneGro.c:190:6: warning: unused variable ‘optiontocalculaterootdepth’ [-Wunused-variable]
caneGro.c:189:9: warning: unused variable ‘rootfrontvelocity’ [-Wunused-variable]
caneGro.c:186:9: warning: variable ‘iSp’ set but not used [-Wunused-but-set-variable]
caneGro.c:178:10: warning: unused variable ‘leaffrostdamage’ [-Wunused-variable]
caneGro.c:797:16: warning: ‘remobilizedleaf’ may be used uninitialized in this function [-Wuninitialized]
gcc -std=gnu99 -I/usr/share/R/include -DNDEBUG     -Wall -fpic  -g  -c createNULLc3tree.c -o createNULLc3tree.o
In file included from createNULLc3tree.c:1:0:
crocent.h:720:8: warning: ‘struct frostParms’ declared inside parameter list [enabled by default]
crocent.h:720:8: warning: its scope is only this definition or declaration, which is probably not what you want [enabled by default]
crocent.h:724:105: warning: ‘struct frostParms’ declared inside parameter list [enabled by default]
crocent.h:725:105: warning: ‘struct frostParms’ declared inside parameter list [enabled by default]
crocent.h:726:114: warning: ‘struct frostParms’ declared inside parameter list [enabled by default]
crocent.h:727:146: warning: ‘struct frostParms’ declared inside parameter list [enabled by default]
crocent.h:757:105: warning: ‘struct frostParms’ declared inside parameter list [enabled by default]
crocent.h:792:27: warning: ‘struct frostParms’ declared inside parameter list [enabled by default]
createNULLc3tree.c: In function ‘createNULLc3tree’:
createNULLc3tree.c:5:4: warning: implicit declaration of function ‘malloc’ [-Wimplicit-function-declaration]
createNULLc3tree.c:5:24: warning: incompatible implicit declaration of built-in function ‘malloc’ [enabled by default]
gcc -std=gnu99 -I/usr/share/R/include -DNDEBUG     -Wall -fpic  -g  -c cropcent.c -o cropcent.o
In file included from soilwater.h:14:0,
                 from cropcent.c:4:
swconst.h:12:0: warning: "PI" redefined [enabled by default]
/usr/share/R/include/R_ext/Constants.h:32:0: note: this is the location of the previous definition
In file included from cropcent.c:7:0:
crocent.h:720:8: warning: ‘struct frostParms’ declared inside parameter list [enabled by default]
crocent.h:720:8: warning: its scope is only this definition or declaration, which is probably not what you want [enabled by default]
crocent.h:724:105: warning: ‘struct frostParms’ declared inside parameter list [enabled by default]
crocent.h:725:105: warning: ‘struct frostParms’ declared inside parameter list [enabled by default]
crocent.h:726:114: warning: ‘struct frostParms’ declared inside parameter list [enabled by default]
crocent.h:727:146: warning: ‘struct frostParms’ declared inside parameter list [enabled by default]
crocent.h:757:105: warning: ‘struct frostParms’ declared inside parameter list [enabled by default]
crocent.h:792:27: warning: ‘struct frostParms’ declared inside parameter list [enabled by default]
cropcent.c: In function ‘cropcent’:
cropcent.c:14:10: warning: unused variable ‘hetResp’ [-Wunused-variable]
cropcent.c:25:19: warning: ‘fake’ is used uninitialized in this function [-Wuninitialized]
gcc -std=gnu99 -I/usr/share/R/include -DNDEBUG     -Wall -fpic  -g  -c dailywillow.c -o dailywillow.o
dailywillow.c: In function ‘dailywillow’:
dailywillow.c:113:11: warning: implicit declaration of function ‘cropcent_dbp’ [-Wimplicit-function-declaration]
dailywillow.c:96:34: warning: unused variable ‘newroot’ [-Wunused-variable]
dailywillow.c:96:26: warning: unused variable ‘newrhiz’ [-Wunused-variable]
dailywillow.c:96:18: warning: unused variable ‘newstem’ [-Wunused-variable]
dailywillow.c:96:10: warning: unused variable ‘newleaf’ [-Wunused-variable]
dailywillow.c:93:10: warning: unused variable ‘remobilized’ [-Wunused-variable]
dailywillow.c:87:30: warning: variable ‘remobRhiz’ set but not used [-Wunused-but-set-variable]
dailywillow.c:87:20: warning: variable ‘remobRoot’ set but not used [-Wunused-but-set-variable]
dailywillow.c:87:10: warning: variable ‘remobStem’ set but not used [-Wunused-but-set-variable]
gcc -std=gnu99 -I/usr/share/R/include -DNDEBUG     -Wall -fpic  -g  -c denitrify.c -o denitrify.o
In file included from soilwater.h:14:0,
                 from denitrify.c:136:
swconst.h:12:0: warning: "PI" redefined [enabled by default]
/usr/share/R/include/R_ext/Constants.h:32:0: note: this is the location of the previous definition
denitrify.c:139:0: warning: "M_PI" redefined [enabled by default]
/usr/include/math.h:367:0: note: this is the location of the previous definition
denitrify.c: In function ‘denitrify’:
denitrify.c:171:14: warning: variable ‘K’ set but not used [-Wunused-but-set-variable]
gcc -std=gnu99 -I/usr/share/R/include -DNDEBUG     -Wall -fpic  -g  -c diffusiv.c -o diffusiv.o
gcc -std=gnu99 -I/usr/share/R/include -DNDEBUG     -Wall -fpic  -g  -c eC4photo.c -o eC4photo.o
eC4photo.c: In function ‘eC4photoC’:
eC4photo.c:185:16: warning: variable ‘Cs’ set but not used [-Wunused-but-set-variable]
eC4photo.c:179:20: warning: variable ‘Rs’ set but not used [-Wunused-but-set-variable]
eC4photo.c:177:32: warning: variable ‘Q10Rd’ set but not used [-Wunused-but-set-variable]
eC4photo.c:177:12: warning: variable ‘Q10pr’ set but not used [-Wunused-but-set-variable]
eC4photo.c:174:27: warning: variable ‘rh’ set but not used [-Wunused-but-set-variable]
eC4photo.c: In function ‘eC4photo’:
eC4photo.c:342:20: warning: variable ‘Rs’ set but not used [-Wunused-but-set-variable]
eC4photo.c:340:32: warning: variable ‘Q10Rd’ set but not used [-Wunused-but-set-variable]
eC4photo.c:340:12: warning: variable ‘Q10pr’ set but not used [-Wunused-but-set-variable]
eC4photo.c: In function ‘McMCEc4photo’:
eC4photo.c:529:33: warning: variable ‘poldVpr’ set but not used [-Wunused-but-set-variable]
gcc -std=gnu99 -I/usr/share/R/include -DNDEBUG     -Wall -fpic  -g  -c getIdirIdiff.c -o getIdirIdiff.o
gcc -std=gnu99 -I/usr/share/R/include -DNDEBUG     -Wall -fpic  -g  -c getsoilprop.c -o getsoilprop.o
getsoilprop.c: In function ‘getsoilprop’:
getsoilprop.c:89:14: warning: variable ‘ksat’ set but not used [-Wunused-but-set-variable]
gcc -std=gnu99 -I/usr/share/R/include -DNDEBUG     -Wall -fpic  -g  -c leachdly.c -o leachdly.o
gcc -std=gnu99 -I/usr/share/R/include -DNDEBUG     -Wall -fpic  -g  -c maizeGro.c -o maizeGro.o
maizeGro.c: In function ‘maizeGro’:
maizeGro.c:120:13: warning: unused variable ‘LNx’ [-Wunused-variable]
maizeGro.c:100:15: warning: variable ‘mrc2’ set but not used [-Wunused-but-set-variable]
maizeGro.c:99:20: warning: variable ‘SpD’ set but not used [-Wunused-but-set-variable]
maizeGro.c:81:35: warning: variable ‘TTc_Vn’ set but not used [-Wunused-but-set-variable]
maizeGro.c:76:19: warning: variable ‘maxLeaves’ set but not used [-Wunused-but-set-variable]
gcc -std=gnu99 -I/usr/share/R/include -DNDEBUG     -Wall -fpic  -g  -c methane.c -o methane.o
In file included from soilwater.h:14:0,
                 from methane.c:90:
swconst.h:12:0: warning: "PI" redefined [enabled by default]
/usr/share/R/include/R_ext/Constants.h:32:0: note: this is the location of the previous definition
gcc -std=gnu99 -I/usr/share/R/include -DNDEBUG     -Wall -fpic  -g  -c microclimate_for_3Dcanopy.c -o microclimate_for_3Dcanopy.o
microclimate_for_3Dcanopy.c: In function ‘microclimate_for_3Dcanopy’:
microclimate_for_3Dcanopy.c:41:6: warning: implicit declaration of function ‘exp’ [-Wimplicit-function-declaration]
microclimate_for_3Dcanopy.c:41:47: warning: incompatible implicit declaration of built-in function ‘exp’ [enabled by default]
gcc -std=gnu99 -I/usr/share/R/include -DNDEBUG     -Wall -fpic  -g  -c nitrify.c -o nitrify.o
In file included from soilwater.h:14:0,
                 from nitrify.c:79:
swconst.h:12:0: warning: "PI" redefined [enabled by default]
/usr/share/R/include/R_ext/Constants.h:32:0: note: this is the location of the previous definition
gcc -std=gnu99 -I/usr/share/R/include -DNDEBUG     -Wall -fpic  -g  -c nox_pulse.c -o nox_pulse.o
gcc -std=gnu99 -I/usr/share/R/include -DNDEBUG     -Wall -fpic  -g  -c pi_funcs.c -o pi_funcs.o
gcc -std=gnu99 -I/usr/share/R/include -DNDEBUG     -Wall -fpic  -g  -c printcropcentoutput.c -o printcropcentoutput.o
In file included from printcropcentoutput.c:4:0:
crocent.h:720:8: warning: ‘struct frostParms’ declared inside parameter list [enabled by default]
crocent.h:720:8: warning: its scope is only this definition or declaration, which is probably not what you want [enabled by default]
crocent.h:724:105: warning: ‘struct frostParms’ declared inside parameter list [enabled by default]
crocent.h:725:105: warning: ‘struct frostParms’ declared inside parameter list [enabled by default]
crocent.h:726:114: warning: ‘struct frostParms’ declared inside parameter list [enabled by default]
crocent.h:727:146: warning: ‘struct frostParms’ declared inside parameter list [enabled by default]
crocent.h:757:105: warning: ‘struct frostParms’ declared inside parameter list [enabled by default]
crocent.h:792:27: warning: ‘struct frostParms’ declared inside parameter list [enabled by default]
printcropcentoutput.c: In function ‘printcropcentout’:
printcropcentoutput.c:9:10: warning: unused variable ‘cbalance’ [-Wunused-variable]
g++ -I/usr/share/R/include -DNDEBUG      -fpic  -g -O2 -fstack-protector --param=ssp-buffer-size=4 -Wformat -Wformat-security -Werror=format-security -D_FORTIFY_SOURCE=2 -g  -c runFastTracer.cpp -o runFastTracer.o
gcc -std=gnu99 -I/usr/share/R/include -DNDEBUG     -Wall -fpic  -g  -c test_mainC.c -o test_mainC.o
gcc -std=gnu99 -I/usr/share/R/include -DNDEBUG     -Wall -fpic  -g  -c tgmodel.c -o tgmodel.o
In file included from soilwater.h:14:0,
                 from tgmodel.c:116:
swconst.h:12:0: warning: "PI" redefined [enabled by default]
/usr/share/R/include/R_ext/Constants.h:32:0: note: this is the location of the previous definition
tgmodel.c: In function ‘trace_gas_model’:
tgmodel.c:224:7: warning: passing argument 7 of ‘getsoilprop’ from incompatible pointer type [enabled by default]
n2o_model.h:24:6: note: expected ‘int *’ but argument is of type ‘int **’
gcc -std=gnu99 -I/usr/share/R/include -DNDEBUG     -Wall -fpic  -g  -c tracegas.c -o tracegas.o
gcc -std=gnu99 -I/usr/share/R/include -DNDEBUG     -Wall -fpic  -g  -c update_3Dcanopy_structure.c -o update_3Dcanopy_structure.o
update_3Dcanopy_structure.c: In function ‘update_3Dcanopy_structure’:
update_3Dcanopy_structure.c:61:5: warning: implicit declaration of function ‘Rprintf’ [-Wimplicit-function-declaration]
gcc -std=gnu99 -I/usr/share/R/include -DNDEBUG     -Wall -fpic  -g  -c wfps.c -o wfps.o
gcc -std=gnu99 -I/usr/share/R/include -DNDEBUG     -Wall -fpic  -g  -c willowCent.c -o willowCent.o
In file included from willowCent.c:27:0:
AuxwillowGro.h:27:0: warning: "MAXLAY" redefined [enabled by default]
AuxBioCro.h:15:0: note: this is the location of the previous definition
willowCent.c: In function ‘willowCent’:
willowCent.c:444:1: warning: implicit declaration of function ‘createNULLwillow’ [-Wimplicit-function-declaration]
willowCent.c:494:3: warning: "/*" within comment [-Wcomment]
willowCent.c:602:6: warning: implicit declaration of function ‘dailywillow’ [-Wimplicit-function-declaration]
willowCent.c:405:39: warning: variable ‘dailyGPP’ set but not used [-Wunused-but-set-variable]
willowCent.c:404:10: warning: variable ‘LeafResp’ set but not used [-Wunused-but-set-variable]
willowCent.c:387:9: warning: unused variable ‘chil’ [-Wunused-variable]
willowCent.c:335:10: warning: unused variable ‘ifrRROOT’ [-Wunused-variable]
willowCent.c:334:10: warning: unused variable ‘ifrLLEAF’ [-Wunused-variable]
willowCent.c:187:17: warning: unused variable ‘dbpS’ [-Wunused-variable]
willowCent.c:183:6: warning: unused variable ‘ri’ [-Wunused-variable]
willowCent.c:182:27: warning: unused variable ‘n’ [-Wunused-variable]
willowCent.c:182:20: warning: unused variable ‘m’ [-Wunused-variable]
willowCent.c:182:13: warning: unused variable ‘q’ [-Wunused-variable]
willowCent.c:182:6: warning: unused variable ‘k’ [-Wunused-variable]
willowCent.c:181:9: warning: unused variable ‘Remob’ [-Wunused-variable]
willowCent.c:180:102: warning: unused variable ‘Deadleaf’ [-Wunused-variable]
willowCent.c:180:87: warning: variable ‘leafdeathrate’ set but not used [-Wunused-but-set-variable]
willowCent.c:180:76: warning: variable ‘Tfrostlow’ set but not used [-Wunused-but-set-variable]
willowCent.c:180:64: warning: variable ‘Tfrosthigh’ set but not used [-Wunused-but-set-variable]
willowCent.c:180:45: warning: variable ‘SeneRhizome’ set but not used [-Wunused-but-set-variable]
willowCent.c:180:29: warning: variable ‘SeneRoot’ set but not used [-Wunused-but-set-variable]
willowCent.c:180:19: warning: variable ‘SeneStem’ set but not used [-Wunused-but-set-variable]
willowCent.c:180:9: warning: variable ‘SeneLeaf’ set but not used [-Wunused-but-set-variable]
willowCent.c:176:9: warning: variable ‘SCCs’ set but not used [-Wunused-but-set-variable]
willowCent.c:175:9: warning: unused variable ‘Nfert’ [-Wunused-variable]
willowCent.c:174:6: warning: unused variable ‘doyNfert’ [-Wunused-variable]
willowCent.c:147:25: warning: variable ‘kLN’ set but not used [-Wunused-but-set-variable]
willowCent.c:142:10: warning: unused variable ‘leafdeathrate1’ [-Wunused-variable]
willowCent.c:141:9: warning: variable ‘Rhizome’ set but not used [-Wunused-but-set-variable]
willowCent.c:138:10: warning: unused variable ‘B’ [-Wunused-variable]
willowCent.c:138:7: warning: unused variable ‘A’ [-Wunused-variable]
willowCent.c:130:9: warning: unused variable ‘mrc2’ [-Wunused-variable]
willowCent.c:129:9: warning: unused variable ‘mrc1’ [-Wunused-variable]
willowCent.c:125:29: warning: unused variable ‘RhizomeLitter_d’ [-Wunused-variable]
willowCent.c:125:9: warning: unused variable ‘RootLitter_d’ [-Wunused-variable]
willowCent.c:124:29: warning: unused variable ‘StemLitter_d’ [-Wunused-variable]
willowCent.c:124:9: warning: unused variable ‘LeafLitter_d’ [-Wunused-variable]
willowCent.c:123:43: warning: unused variable ‘RhizomeLitter’ [-Wunused-variable]
willowCent.c:123:9: warning: unused variable ‘RootLitter’ [-Wunused-variable]
willowCent.c:122:43: warning: unused variable ‘StemLitter’ [-Wunused-variable]
willowCent.c:122:9: warning: unused variable ‘LeafLitter’ [-Wunused-variable]
willowCent.c:114:54: warning: unused variable ‘newGrain’ [-Wunused-variable]
willowCent.c:114:42: warning: unused variable ‘newRhizome’ [-Wunused-variable]
willowCent.c:114:33: warning: unused variable ‘newRoot’ [-Wunused-variable]
willowCent.c:114:18: warning: unused variable ‘newStem’ [-Wunused-variable]
willowCent.c:114:9: warning: unused variable ‘newLeaf’ [-Wunused-variable]
willowCent.c:113:64: warning: unused variable ‘kGrain’ [-Wunused-variable]
willowCent.c:113:48: warning: unused variable ‘kRhizome’ [-Wunused-variable]
willowCent.c:113:35: warning: unused variable ‘kRoot’ [-Wunused-variable]
willowCent.c:113:22: warning: unused variable ‘kStem’ [-Wunused-variable]
willowCent.c:113:9: warning: unused variable ‘kLeaf’ [-Wunused-variable]
willowCent.c:111:21: warning: variable ‘Root’ set but not used [-Wunused-but-set-variable]
willowCent.c:111:15: warning: variable ‘Stem’ set but not used [-Wunused-but-set-variable]
willowCent.c:111:9: warning: variable ‘Leaf’ set but not used [-Wunused-but-set-variable]
willowCent.c:106:9: warning: variable ‘Rf_beta’ set but not used [-Wunused-but-set-variable]
willowCent.c:101:26: warning: variable ‘propLeaf’ set but not used [-Wunused-but-set-variable]
willowCent.c:101:16: warning: variable ‘iSp’ set but not used [-Wunused-but-set-variable]
willowCent.c:99:11: warning: unused variable ‘jmaxb1’ [-Wunused-variable]
gcc -std=gnu99 -I/usr/share/R/include -DNDEBUG     -Wall -fpic  -g  -c willowGro.c -o willowGro.o
In file included from willowGro.c:27:0:
AuxwillowGro.h:27:0: warning: "MAXLAY" redefined [enabled by default]
AuxBioCro.h:15:0: note: this is the location of the previous definition
willowGro.c: In function ‘willowGro’:
willowGro.c:400:3: warning: "/*" within comment [-Wcomment]
willowGro.c:352:9: warning: unused variable ‘chil’ [-Wunused-variable]
willowGro.c:300:10: warning: unused variable ‘ifrRROOT’ [-Wunused-variable]
willowGro.c:299:10: warning: unused variable ‘ifrLLEAF’ [-Wunused-variable]
willowGro.c:144:26: warning: unused variable ‘GPP’ [-Wunused-variable]
willowGro.c:111:9: warning: variable ‘Rf_beta’ set but not used [-Wunused-but-set-variable]
willowGro.c:104:26: warning: variable ‘propLeaf’ set but not used [-Wunused-but-set-variable]
willowGro.c:102:11: warning: unused variable ‘jmaxb1’ [-Wunused-variable]
g++ -shared -Wl,-Bsymbolic-functions -Wl,-z,relro -o BioCro.so Assigncropcent.o AuxBioCro.o AuxCropGro.o AuxMaizeGro.o AuxcaneGro.o Auxcropcent.o AuxwillowGro.o BBox.o BioCro.o CalculateBiogeochem.o Calculate_Soil_Layer_Temperature.o CanA.o CanAC_3D.o Century.o Climate.o Compound.o Copy_CropCent_To_DayCent_Structure.o Copy_SoilWater_BioCro_To_CropCent.o CropGro.o CropGro_c.o Filling_BioCro_SoilStructure.o Grid.o LeafOptics.o Maths.o Normal.o Point3D.o Ray.o Triangle.o Vector3D.o assignManagement.o c3CanA.o c3EvapoTrans.o c3photo.o c4photo.o caneGro.o createNULLc3tree.o cropcent.o dailywillow.o denitrify.o diffusiv.o eC4photo.o getIdirIdiff.o getsoilprop.o leachdly.o maizeGro.o methane.o microclimate_for_3Dcanopy.o nitrify.o nox_pulse.o pi_funcs.o printcropcentoutput.o runFastTracer.o test_mainC.o tgmodel.o tracegas.o update_3Dcanopy_structure.o wfps.o willowCent.o willowGro.o -L/usr/lib/R/lib -lR
installing to /home/djaiswal/Research/gitprojects/biocro-dev/BioCro.Rcheck/BioCro/libs
** R
** data
** inst
** preparing package for lazy loading
** help
Warning: /home/djaiswal/Research/gitprojects/biocro-dev/BioCro.Rcheck/00_pkg_src/BioCro/man/mOpc3photo.Rd:54: unexpected '{'
Warning: /home/djaiswal/Research/gitprojects/biocro-dev/BioCro.Rcheck/00_pkg_src/BioCro/man/mOpc3photo.Rd:55: unexpected '}'
Warning: /home/djaiswal/Research/gitprojects/biocro-dev/BioCro.Rcheck/00_pkg_src/BioCro/man/mOpc3photo.Rd:54: All text must be in a section
Warning: /home/djaiswal/Research/gitprojects/biocro-dev/BioCro.Rcheck/00_pkg_src/BioCro/man/weach.Rd:55: unknown macro '\itemcol'
Warning: /home/djaiswal/Research/gitprojects/biocro-dev/BioCro.Rcheck/00_pkg_src/BioCro/man/weach.Rd:55: unknown macro '\itemcol'
Warning: /home/djaiswal/Research/gitprojects/biocro-dev/BioCro.Rcheck/00_pkg_src/BioCro/man/weach.Rd:56: unknown macro '\itemcol'
Warning: /home/djaiswal/Research/gitprojects/biocro-dev/BioCro.Rcheck/00_pkg_src/BioCro/man/weach.Rd:57: unknown macro '\itemcol'
Warning: /home/djaiswal/Research/gitprojects/biocro-dev/BioCro.Rcheck/00_pkg_src/BioCro/man/weach.Rd:58: unknown macro '\itemcol'
Warning: /home/djaiswal/Research/gitprojects/biocro-dev/BioCro.Rcheck/00_pkg_src/BioCro/man/weach.Rd:58: unknown macro '\itemcol'
Warning: /home/djaiswal/Research/gitprojects/biocro-dev/BioCro.Rcheck/00_pkg_src/BioCro/man/weach.Rd:59: unknown macro '\itemcol'
Warning: /home/djaiswal/Research/gitprojects/biocro-dev/BioCro.Rcheck/00_pkg_src/BioCro/man/weach.Rd:60: unknown macro '\itemcol'
Warning: /home/djaiswal/Research/gitprojects/biocro-dev/BioCro.Rcheck/00_pkg_src/BioCro/man/weach.Rd:61: unknown macro '\itemcol'
Warning: /home/djaiswal/Research/gitprojects/biocro-dev/BioCro.Rcheck/00_pkg_src/BioCro/man/weach.Rd:61: unknown macro '\itemcol'
Warning: /home/djaiswal/Research/gitprojects/biocro-dev/BioCro.Rcheck/00_pkg_src/BioCro/man/weach.Rd:62: unknown macro '\itemcol'
*** installing help indices
** building package indices
** installing vignettes
** testing if installed package can be loaded
* DONE (BioCro)
