Hmm ... looks like a package
This is pdfTeX, Version 3.1415926-1.40.10 (TeX Live 2009/Debian)
entering extended mode
(./Rd2.tex
LaTeX2e <2009/09/24>
Babel <v3.8l> and hyphenation patterns for english, usenglishmax, dumylang, noh
yphenation, loaded.

(/usr/share/texmf-texlive/tex/latex/base/book.cls
Document Class: book 2007/10/19 v1.4h Standard LaTeX document class
(/usr/share/texmf-texlive/tex/latex/base/bk10.clo))
(/usr/share/R/share/texmf/tex/latex/Rd.sty
(/usr/share/texmf-texlive/tex/latex/base/ifthen.sty)
(/usr/share/texmf-texlive/tex/latex/tools/longtable.sty)
(/usr/share/texmf-texlive/tex/latex/tools/bm.sty)
(/usr/share/texmf-texlive/tex/latex/base/alltt.sty)
(/usr/share/texmf-texlive/tex/latex/tools/verbatim.sty)
(/usr/share/texmf-texlive/tex/latex/ltxmisc/url.sty)
(/usr/share/texmf-texlive/tex/latex/base/textcomp.sty
(/usr/share/texmf-texlive/tex/latex/base/ts1enc.def))
(/usr/share/texmf-texlive/tex/latex/base/fontenc.sty
(/usr/share/texmf-texlive/tex/latex/base/t1enc.def))
(/usr/share/texmf-texlive/tex/latex/psnfss/times.sty))
(/usr/share/texmf-texlive/tex/latex/base/inputenc.sty
(/usr/share/texmf-texlive/tex/latex/base/utf8.def
(/usr/share/texmf-texlive/tex/latex/base/t1enc.dfu)
(/usr/share/texmf-texlive/tex/latex/base/ot1enc.dfu)
(/usr/share/texmf-texlive/tex/latex/base/omsenc.dfu)
(/usr/share/texmf-texlive/tex/latex/base/ts1enc.dfu))
(/usr/share/texmf-texlive/tex/latex/base/latin1.def))
No file Rd2.aux.
(/usr/share/texmf-texlive/tex/latex/base/ts1cmr.fd)
(/usr/share/texmf-texlive/tex/latex/psnfss/t1ptm.fd)
(/usr/share/texmf-texlive/tex/latex/psnfss/t1pcr.fd)
Overfull \hbox (383.02168pt too wide) in paragraph at lines 17--21
\T1/ptm/m/n/10 Fernando Miguez \T1/pcr/m/n/10 <femiguez@iastate.edu>\T1/ptm/m/n
/10 ,Deepak Jaiswal \T1/pcr/m/n/10 <djaiswal@illinois.edu>\T1/ptm/m/n/10 ,Dan W
ang \T1/pcr/m/n/10 <dwng@illinois.edu>\T1/ptm/m/n/10 ,David LeBauer \T1/pcr/m/n
/10 <dlebauer@illinois.edu>  
(/usr/share/texmf-texlive/tex/latex/psnfss/t1phv.fd)
No file Rd2.toc.
(/usr/share/texmf-texlive/tex/latex/base/utf8.def) [1{/var/lib/texmf/fonts/map/
pdftex/updmap/pdftex.map}] (/usr/share/texmf-texlive/tex/latex/base/utf8.def)
(/usr/share/texmf-texlive/tex/latex/base/utf8.def) [2]
(/usr/share/texmf-texlive/tex/latex/base/utf8.def)
Underfull \hbox (badness 10000) in paragraph at lines 140--140
[]\T1/ptm/m/it/10 Arden Buck Equa-tion from Buck Re-search Man-ual (1996)

Overfull \hbox (4.85713pt too wide) in paragraph at lines 143--145
[]\T1/ptm/m/n/10 Arden Buck Equa-tion from Buck Re-search Man-ual (1996) http:/
/cires.colorado.edu/~voemel/vp.html 
[3] (/usr/share/texmf-texlive/tex/latex/base/utf8.def)
Overfull \hbox (18.78088pt too wide) in paragraph at lines 186--186
 []  \T1/pcr/m/n/10 seneControl = list(), photoControl = list(), phenoControl =
 list(),[] 

Overfull \hbox (30.78088pt too wide) in paragraph at lines 187--187
 []  \T1/pcr/m/n/10 soilControl = list(), nitroControl = list(), centuryControl
 = list())[] 

Overfull \hbox (7.79762pt too wide) in paragraph at lines 211--214
[]\T1/ptm/m/n/10 Initial rhi-zome pro-por-tion that be-comes leaf. This should 
not typ-i-cally be changed,
[4]
Overfull \hbox (0.3073pt too wide) in paragraph at lines 235--238
[]\T1/ptm/m/n/10 List that con-trols as-pects of senes-cence sim-u-la-tion. It 
should be sup-plied through
[5] [6] (/usr/share/texmf-texlive/tex/latex/psnfss/ts1pcr.fd)
Overfull \hbox (42.18039pt too wide) in paragraph at lines 439--439
 []\T1/pcr/m/n/9 res2 <- BioGro(weather05, soilControl = soilParms(soilLayers =
 6, hydrDist=TRUE))[] 
[7] (/usr/share/texmf-texlive/tex/latex/base/utf8.def)
Overfull \hbox (30.78088pt too wide) in paragraph at lines 492--492
 []\T1/pcr/m/n/10 c3CanA(lai, doy, hr, solar, temp, rh, windspeed, lat = 40, nl
ayers = 8,[] 

Overfull \hbox (6.10724pt too wide) in paragraph at lines 526--529
[]\T1/ptm/m/n/10 list that sets the pho-to-syn-the-sis pa-ram-e-ters for c3 pla
nts through the c3photoParms
[8] [9] (/usr/share/texmf-texlive/tex/latex/base/utf8.def)
Overfull \hbox (0.78088pt too wide) in paragraph at lines 638--638
 []\T1/pcr/m/n/10 c3photo(Qp, Tl, RH, vcmax = 100, jmax = 180, Rd = 1.1, Catm =
 380,[] 

Overfull \hbox (12.78088pt too wide) in paragraph at lines 639--639
 []  \T1/pcr/m/n/10 O2 = 210, b0 = 0.08, b1 = 5, theta = 0.7, StomWS = 1, ws = 
c("gs",[] 
[10] [11] (/usr/share/texmf-texlive/tex/latex/base/utf8.def)
Overfull \hbox (30.78088pt too wide) in paragraph at lines 757--757
 []\T1/pcr/m/n/10 c4photo(Qp, Tl, RH, vmax = 39, alpha = 0.04, kparm = 0.7, the
ta = 0.83,[] 

Overfull \hbox (18.78088pt too wide) in paragraph at lines 758--758
 []  \T1/pcr/m/n/10 beta = 0.93, Rd = 0.8, UPPERTEMP = 37.5, LOWERTEMP = 3, Cat
m = 380,[] 
[12] [13]
Underfull \vbox (badness 10000) has occurred while \output is active [14]
Underfull \vbox (badness 10000) has occurred while \output is active [15]
(/usr/share/texmf-texlive/tex/latex/base/utf8.def)
Overfull \hbox (18.78088pt too wide) in paragraph at lines 967--967
 []\T1/pcr/m/n/10 CanA(lai, doy, hr, solar, temp, rh, windspeed, lat = 40, nlay
ers = 8,[] 

Overfull \hbox (0.78088pt too wide) in paragraph at lines 969--969
 []  \T1/pcr/m/n/10 photoControl = list(), lnControl = list(), units = c("kg/m2
/hr",[] 
[16] (/usr/share/texmf-texlive/tex/latex/base/utf8.def) [17]
Overfull \hbox (18.78088pt too wide) in paragraph at lines 1120--1120
 []  \T1/pcr/m/n/10 seneControl = list(), photoControl = list(), phenoControl =
 list(),[] 

Overfull \hbox (42.78088pt too wide) in paragraph at lines 1121--1121
 []  \T1/pcr/m/n/10 soilControl = list(), nitroControl = list(), canephenoContr
ol = list(),[] 

Overfull \hbox (0.3073pt too wide) in paragraph at lines 1171--1174
[]\T1/ptm/m/n/10 List that con-trols as-pects of senes-cence sim-u-la-tion. It 
should be sup-plied through
[18]
Overfull \hbox (54.3478pt too wide) in paragraph at lines 1221--1224
[]\T1/ptm/m/n/10 argument used to pass pa-ram-e-ters re-lated to phe-nol-ogy ch
ar-ac-ter-is-tics \T1/pcr/m/n/10 canePhenoControl
[19] (/usr/share/texmf-texlive/tex/latex/base/utf8.def)
Overfull \hbox (24.78088pt too wide) in paragraph at lines 1286--1286
 []\T1/pcr/m/n/10 Century(LeafL, StemL, RootL, RhizL, smoist, stemp, precip, le
achWater,[] 
[20] (/usr/share/texmf-texlive/tex/latex/base/utf8.def)
Overfull \hbox (30.78088pt too wide) in paragraph at lines 1349--1349
 []\T1/pcr/m/n/10 CenturyC(LeafL, StemL, RootL, RhizL, smoist, stemp, precip, l
eachWater,[] 
(/usr/share/texmf-texlive/tex/latex/base/utf8.def) [21]
(/usr/share/texmf-texlive/tex/latex/base/utf8.def)
(/usr/share/texmf-texlive/tex/latex/base/utf8.def) [22]
(/usr/share/texmf-texlive/tex/latex/base/utf8.def)
Overfull \hbox (18.78088pt too wide) in paragraph at lines 1479--1479
 []  \T1/pcr/m/n/10 seneControl = list(), photoControl = list(), phenoControl =
 list(),[] 

Overfull \hbox (36.78088pt too wide) in paragraph at lines 1480--1480
 []  \T1/pcr/m/n/10 soilControl = list(), nitroControl = list(), SOMpoolsContro
l = list(),[] 

Overfull \hbox (54.78088pt too wide) in paragraph at lines 1481--1481
 []  \T1/pcr/m/n/10 SOMAssignParmsControl = list(), GetCropCentStateVarParmsCon
trol = list(),[] 

Overfull \hbox (60.78088pt too wide) in paragraph at lines 1483--1483
 []  \T1/pcr/m/n/10 GetBioCroToCropcentParmsControl = list(), GetErosionParmsCo
ntrol = list(),[] 
[23]
Overfull \hbox (7.79762pt too wide) in paragraph at lines 1509--1512
[]\T1/ptm/m/n/10 Initial rhi-zome pro-por-tion that be-comes leaf. This should 
not typ-i-cally be changed,

Overfull \hbox (0.3073pt too wide) in paragraph at lines 1533--1536
[]\T1/ptm/m/n/10 List that con-trols as-pects of senes-cence sim-u-la-tion. It 
should be sup-plied through
[24] [25]
Overfull \hbox (42.18039pt too wide) in paragraph at lines 1737--1737
 []\T1/pcr/m/n/9 res2 <- BioGro(weather05, soilControl = soilParms(soilLayers =
 6, hydrDist=TRUE))[] 
[26] (/usr/share/texmf-texlive/tex/latex/base/utf8.def) [27]
(/usr/share/texmf-texlive/tex/latex/base/utf8.def)
Overfull \hbox (24.78088pt too wide) in paragraph at lines 1828--1828
 []\T1/pcr/m/n/10 eC4photo(Qp, airtemp, rh, ca = 380, oa = 210, vcmax = 60, vpm
ax = 120,[] 
[28]
Overfull \hbox (31.3804pt too wide) in paragraph at lines 1917--1917
 []\T1/pcr/m/n/9 res1[i] <- eC4photo(dat1$Qp[i],dat1$Tl[i],dat1$RH[i],vcmax=dat
1$vcmax[i])$Assim[] 
(/usr/share/texmf-texlive/tex/latex/base/utf8.def) [29]
Overfull \hbox (48.78088pt too wide) in paragraph at lines 1949--1949
 []\T1/pcr/m/n/10 eCanA(LAI, doy, hour, solarR, AirTemp, RH, WindS, Vcmax, Vpma
x, Vpr, Jmax,[] 
[30] (/usr/share/texmf-texlive/tex/latex/base/utf8.def) [31]
(/usr/share/texmf-texlive/tex/latex/base/utf8.def)
(/usr/share/texmf-texlive/tex/latex/base/utf8.def) [32]
(/usr/share/texmf-texlive/tex/latex/base/utf8.def)
(/usr/share/texmf-texlive/tex/latex/base/utf8.def)
Underfull \hbox (badness 10000) in paragraph at lines 2164--2164
[]\T1/ptm/m/it/10 The Goff Gratch equa-tion from Smith-so-nian Ta-bles, 1984.

Overfull \hbox (5.4969pt too wide) in paragraph at lines 2167--2169
[]\T1/ptm/m/n/10 The Goff Gratch equa-tion from Smith-so-nian Ta-bles, 1984. ht
tp://cires.colorado.edu/~voemel/vp.html 
[33] (/usr/share/texmf-texlive/tex/latex/base/utf8.def)
Overfull \hbox (25.42944pt too wide) in paragraph at lines 2217--2220
[]\T1/ptm/m/n/10 It re-turns a vec-tor of length 25 suit-able for \T1/pcr/m/n/1
0 BioGro\T1/ptm/m/n/10 , \T1/pcr/m/n/10 OpBioGro\T1/ptm/m/n/10 , \T1/pcr/m/n/10
 constrOpBioGro\T1/ptm/m/n/10 , or \T1/pcr/m/n/10 MCMCBioGro\T1/ptm/m/n/10 . 
[34] (/usr/share/texmf-texlive/tex/latex/base/utf8.def)
Overfull \hbox (7.95114pt too wide) in paragraph at lines 2256--2264
\T1/ptm/m/n/10 0.00704 0 0.00119 611 280.000 1.08019 0.95531 0.11618 0 1.62350 
1221 560.000
(/usr/share/texmf-texlive/tex/latex/base/utf8.def) [35]
(/usr/share/texmf-texlive/tex/latex/base/utf8.def) [36]
(/usr/share/texmf-texlive/tex/latex/base/utf8.def)
Overfull \hbox (42.78088pt too wide) in paragraph at lines 2374--2374
 []\T1/pcr/m/n/10 MaizeGro(WetDat, plant.day = NULL, emerge.day = NULL, harvest
.day = NULL,[] 

Overfull \hbox (12.78088pt too wide) in paragraph at lines 2375--2375
 []  \T1/pcr/m/n/10 plant.density = 7, timestep = 1, lat = 40, canopyControl = 
list(),[] 

Overfull \hbox (36.78088pt too wide) in paragraph at lines 2378--2378
 []  \T1/pcr/m/n/10 laiControl = list(), soilControl = list(), MaizeNitroContro
l = list(),[] 
[37]
Overfull \hbox (0.3073pt too wide) in paragraph at lines 2427--2430
[]\T1/ptm/m/n/10 List that con-trols as-pects of senes-cence sim-u-la-tion. It 
should be sup-plied through

Overfull \hbox (60.3478pt too wide) in paragraph at lines 2477--2480
[]\T1/ptm/m/n/10 argument used to pass pa-ram-e-ters re-lated to phe-nol-ogy ch
ar-ac-ter-is-tics \T1/pcr/m/n/10 MaizePhenoControl
[38]
Overfull \hbox (25.98041pt too wide) in paragraph at lines 2532--2532
 []\T1/pcr/m/n/9 res <- MaizeGro(weather05, plant.day = 110, emerge.day = 120, 
harvest.day=300,[] 
(/usr/share/texmf-texlive/tex/latex/base/utf8.def)
Overfull \hbox (6.78088pt too wide) in paragraph at lines 2545--2545
 []\T1/pcr/m/n/10 MaizePhenoParms(base.temp = 10, max.leaves = 20, plant.emerg 
= 100,[] 
[39] (/usr/share/texmf-texlive/tex/latex/base/utf8.def)
(/usr/share/texmf-texlive/tex/latex/base/utf8.def) [40]
Overfull \hbox (12.78088pt too wide) in paragraph at lines 2611--2611
 []  \T1/pcr/m/n/10 saTemp = 5, coolSamp = 20, scale = 0.5, WetDat, data, day1 
= NULL,[] 

Overfull \hbox (0.78088pt too wide) in paragraph at lines 2612--2612
 []  \T1/pcr/m/n/10 dayn = NULL, timestep = 1, lat = 40, iRhizome = 7, irtl = 1
e-04,[] 

Overfull \hbox (24.78088pt too wide) in paragraph at lines 2613--2613
 []  \T1/pcr/m/n/10 canopyControl = list(), seneControl = list(), photoControl 
= list(),[] 

Overfull \hbox (18.78088pt too wide) in paragraph at lines 2614--2614
 []  \T1/pcr/m/n/10 phenoControl = list(), soilControl = list(), nitroControl =
 list(),[] 
[41]
Overfull \hbox (9.78043pt too wide) in paragraph at lines 2721--2721
 []\T1/pcr/m/n/9 pheno.ll <- phenoParms(kLeaf1=0.48,kStem1=0.47,kRoot1=0.05,kRh
izome1=-1e-4,[] 

Overfull \hbox (15.18042pt too wide) in paragraph at lines 2722--2722
 []                       \T1/pcr/m/n/9 kLeaf2=0.14,kStem2=0.65,kRoot2=0.21, kR
hizome2=-1e-4,[] 

Overfull \hbox (15.18042pt too wide) in paragraph at lines 2723--2723
 []                       \T1/pcr/m/n/9 kLeaf3=0.01, kStem3=0.56, kRoot3=0.13, 
kRhizome3=0.3,[] 

Overfull \hbox (15.18042pt too wide) in paragraph at lines 2724--2724
 []                       \T1/pcr/m/n/9 kLeaf4=0.01, kStem4=0.56, kRoot4=0.13, 
kRhizome4=0.3,[] 

Overfull \hbox (15.18042pt too wide) in paragraph at lines 2725--2725
 []                       \T1/pcr/m/n/9 kLeaf5=0.01, kStem5=0.56, kRoot5=0.13, 
kRhizome5=0.3,[] 

Overfull \hbox (15.18042pt too wide) in paragraph at lines 2726--2726
 []                       \T1/pcr/m/n/9 kLeaf6=0.01, kStem6=0.56, kRoot6=0.13, 
kRhizome6=0.3)[] 
[42]
Overfull \hbox (69.18036pt too wide) in paragraph at lines 2732--2732
 []\T1/pcr/m/n/9 simDat <- ans.dat[sel.rows,c(\TS1/pcr/m/n/9 '\T1/pcr/m/n/9 The
rmalT\TS1/pcr/m/n/9 '\T1/pcr/m/n/9 ,\TS1/pcr/m/n/9 '\T1/pcr/m/n/9 Stem\TS1/pcr/
m/n/9 '\T1/pcr/m/n/9 ,\TS1/pcr/m/n/9 '\T1/pcr/m/n/9 Leaf\TS1/pcr/m/n/9 '\T1/pcr
/m/n/9 ,\TS1/pcr/m/n/9 '\T1/pcr/m/n/9 Root\TS1/pcr/m/n/9 '\T1/pcr/m/n/9 ,\TS1/p
cr/m/n/9 '\T1/pcr/m/n/9 Rhizome\TS1/pcr/m/n/9 '\T1/pcr/m/n/9 ,\TS1/pcr/m/n/9 '\
T1/pcr/m/n/9 Grain\TS1/pcr/m/n/9 '\T1/pcr/m/n/9 ,\TS1/pcr/m/n/9 '\T1/pcr/m/n/9 
LAI\TS1/pcr/m/n/9 '\T1/pcr/m/n/9 )][] 
(/usr/share/texmf-texlive/tex/latex/base/utf8.def)
Overfull \hbox (6.78088pt too wide) in paragraph at lines 2775--2775
 []  \T1/pcr/m/n/10 ikparm = 0.7, itheta = 0.83, ibeta = 0.93, iRd = 0.8, Catm 
= 380,[] 

Overfull \hbox (18.78088pt too wide) in paragraph at lines 2777--2777
 []  \T1/pcr/m/n/10 sds = c(1, 0.005), prior = c(39, 10, 0.04, 0.02), UPPERTEMP
 = 37.5,[] 
[43] [44] (/usr/share/texmf-texlive/tex/latex/base/utf8.def)
Overfull \hbox (24.78088pt too wide) in paragraph at lines 2888--2888
 []\T1/pcr/m/n/10 MCMCEc4photo(obsDat, niter = 30000, iCa = 380, iOa = 210, iVc
max = 60,[] 
[45] (/usr/share/texmf-texlive/tex/latex/base/utf8.def)
Underfull \hbox (badness 1688) in paragraph at lines 2978--2978
[]\T1/ptm/m/it/10 Multiple op-ti-miza-tion of as-sim-i-la-tion (or stom-atal co
n-duc-tance)
[46] [47] (/usr/share/texmf-texlive/tex/latex/base/utf8.def)
Overfull \hbox (30.78088pt too wide) in paragraph at lines 3089--3089
 []  \T1/pcr/m/n/10 ibeta = 0.93, curve.kind = c("Q", "Ci"), op.level = 1, op.c
i = FALSE,[] 
[48]
Overfull \hbox (3.32823pt too wide) in paragraph at lines 3154--3160
\T1/ptm/m/n/10 has an ar-gu-ment that it is used to dsi-play ei-ther vmax or al
-pha (i.e. \T1/pcr/m/n/10 parm=c(\TS1/pcr/m/n/10 '\T1/pcr/m/n/10 vmax\TS1/pcr/m
/n/10 '\T1/pcr/m/n/10 ,\TS1/pcr/m/n/10 '\T1/pcr/m/n/10 alpha\TS1/pcr/m/n/10 '\T
1/pcr/m/n/10 )\T1/ptm/m/n/10 ).
(/usr/share/texmf-texlive/tex/latex/base/utf8.def) [49]
(/usr/share/texmf-texlive/tex/latex/base/utf8.def)
(/usr/share/texmf-texlive/tex/latex/base/utf8.def) [50]
(/usr/share/texmf-texlive/tex/latex/base/utf8.def)
Overfull \hbox (36.78088pt too wide) in paragraph at lines 3278--3278
 []\T1/pcr/m/n/10 OpBioGro(phen = 1, iCoef = NULL, WetDat, data, day1 = NULL, d
ayn = NULL,[] 

Overfull \hbox (24.78088pt too wide) in paragraph at lines 3280--3280
 []  \T1/pcr/m/n/10 canopyControl = list(), seneControl = list(), photoControl 
= list(),[] 

Overfull \hbox (18.78088pt too wide) in paragraph at lines 3281--3281
 []  \T1/pcr/m/n/10 phenoControl = list(), soilControl = list(), nitroControl =
 list(),[] 
[51]
Overfull \hbox (9.78043pt too wide) in paragraph at lines 3369--3369
 []\T1/pcr/m/n/9 pheno.ll <- phenoParms(kLeaf1=0.48,kStem1=0.47,kRoot1=0.05,kRh
izome1=-1e-4,[] 

Overfull \hbox (15.18042pt too wide) in paragraph at lines 3370--3370
 []                       \T1/pcr/m/n/9 kLeaf2=0.14,kStem2=0.65,kRoot2=0.21, kR
hizome2=-1e-4,[] 

Overfull \hbox (15.18042pt too wide) in paragraph at lines 3371--3371
 []                       \T1/pcr/m/n/9 kLeaf3=0.01, kStem3=0.56, kRoot3=0.13, 
kRhizome3=0.3,[] 

Overfull \hbox (15.18042pt too wide) in paragraph at lines 3372--3372
 []                       \T1/pcr/m/n/9 kLeaf4=0.01, kStem4=0.56, kRoot4=0.13, 
kRhizome4=0.3,[] 

Overfull \hbox (15.18042pt too wide) in paragraph at lines 3373--3373
 []                       \T1/pcr/m/n/9 kLeaf5=0.01, kStem5=0.56, kRoot5=0.13, 
kRhizome5=0.3,[] 

Overfull \hbox (15.18042pt too wide) in paragraph at lines 3374--3374
 []                       \T1/pcr/m/n/9 kLeaf6=0.01, kStem6=0.56, kRoot6=0.13, 
kRhizome6=0.3)[] 

Overfull \hbox (69.18036pt too wide) in paragraph at lines 3380--3380
 []\T1/pcr/m/n/9 simDat <- ans.dat[sel.rows,c(\TS1/pcr/m/n/9 '\T1/pcr/m/n/9 The
rmalT\TS1/pcr/m/n/9 '\T1/pcr/m/n/9 ,\TS1/pcr/m/n/9 '\T1/pcr/m/n/9 Stem\TS1/pcr/
m/n/9 '\T1/pcr/m/n/9 ,\TS1/pcr/m/n/9 '\T1/pcr/m/n/9 Leaf\TS1/pcr/m/n/9 '\T1/pcr
/m/n/9 ,\TS1/pcr/m/n/9 '\T1/pcr/m/n/9 Root\TS1/pcr/m/n/9 '\T1/pcr/m/n/9 ,\TS1/p
cr/m/n/9 '\T1/pcr/m/n/9 Rhizome\TS1/pcr/m/n/9 '\T1/pcr/m/n/9 ,\TS1/pcr/m/n/9 '\
T1/pcr/m/n/9 Grain\TS1/pcr/m/n/9 '\T1/pcr/m/n/9 ,\TS1/pcr/m/n/9 '\T1/pcr/m/n/9 
LAI\TS1/pcr/m/n/9 '\T1/pcr/m/n/9 )][] 
[52] (/usr/share/texmf-texlive/tex/latex/base/utf8.def)
Overfull \hbox (24.78088pt too wide) in paragraph at lines 3413--3413
 []  \T1/pcr/m/n/10 op.method = c("optim", "nlminb"), response = c("Assim", "St
omCond"),[] 
[53] (/usr/share/texmf-texlive/tex/latex/base/utf8.def) [54]
Overfull \hbox (6.78088pt too wide) in paragraph at lines 3530--3530
 []\T1/pcr/m/n/10 Opc4photo(data, ivmax = 39, ialpha = 0.04, iRd = 0.8, ikparm 
= 0.7,[] 
[55] (/usr/share/texmf-texlive/tex/latex/base/utf8.def)
Underfull \hbox (badness 1831) in paragraph at lines 3643--3643
[]\T1/ptm/m/it/10 Optimization of C4 pho-to-syn-the-sis pa-ram-e-ters (von Caem
-merer

Overfull \hbox (18.78088pt too wide) in paragraph at lines 3654--3654
 []\T1/pcr/m/n/10 OpEC4photo(obsDat, iVcmax = 60, iVpmax = 120, iVpr = 80, iJma
x = 400,[] 
[56] (/usr/share/texmf-texlive/tex/latex/base/utf8.def)
Overfull \hbox (30.78088pt too wide) in paragraph at lines 3715--3715
 []\T1/pcr/m/n/10 OpMaizeGro(phen = 1, iCoef = NULL, cTT, WetDat, data, plant.d
ay = NULL,[] 

Overfull \hbox (36.78088pt too wide) in paragraph at lines 3720--3720
 []  \T1/pcr/m/n/10 laiControl = list(), soilControl = list(), MaizeNitroContro
l = list(),[] 
[57] (/usr/share/texmf-texlive/tex/latex/base/utf8.def)
Overfull \hbox (18.78088pt too wide) in paragraph at lines 3795--3795
 []  \T1/pcr/m/n/10 root = TRUE, rhizome = TRUE, LAI = TRUE, grain = TRUE, xlab
 = NULL,[] 

Overfull \hbox (6.78088pt too wide) in paragraph at lines 3796--3796
 []  \T1/pcr/m/n/10 ylab = NULL, pch = 21, lty = 1, lwd = 1, col = c("blue", "g
reen",[] 
[58] (/usr/share/texmf-texlive/tex/latex/base/utf8.def) [59]
Overfull \hbox (0.78088pt too wide) in paragraph at lines 3868--3868
 []  \T1/pcr/m/n/10 root = TRUE, LAI = TRUE, grain = TRUE, xlab = NULL, ylab = 
NULL,[] 

Overfull \hbox (24.78088pt too wide) in paragraph at lines 3869--3869
 []  \T1/pcr/m/n/10 pch = 21, lty = 1, lwd = 1, col = c("blue", "green", "red",
 "black",[] 
(/usr/share/texmf-texlive/tex/latex/base/utf8.def) [60]
Overfull \hbox (30.78088pt too wide) in paragraph at lines 3943--3943
 []  \T1/pcr/m/n/10 "OF", "RF", "OFT", "trace", "density"), type = c("l", "p"),
 coef = 1,[] 

Overfull \hbox (24.78088pt too wide) in paragraph at lines 3944--3944
 []  \T1/pcr/m/n/10 cols = c("blue", "green", "red", "magenta", "black", "purpl
e"), ...)[] 

Overfull \hbox (122.71915pt too wide) in paragraph at lines 3987--3993
\T1/ptm/m/n/10 would in the xy-plot us-ing nams as the name. For ex-am-ple, \T1
/pcr/m/n/10 plot(x,plot.kind="trace",subset=nams=="kLeaf_1")
[61] (/usr/share/texmf-texlive/tex/latex/base/utf8.def)
Overfull \hbox (30.78088pt too wide) in paragraph at lines 4022--4022
 []  \T1/pcr/m/n/10 "density"), type = c("l", "p"), burnin = 1, cols = c("blue"
, "green",[] 
(/usr/share/texmf-texlive/tex/latex/base/utf8.def) [62]
(/usr/share/texmf-texlive/tex/latex/base/utf8.def)
(/usr/share/texmf-texlive/tex/latex/base/utf8.def) [63]
(/usr/share/texmf-texlive/tex/latex/base/utf8.def)
Overfull \hbox (18.78088pt too wide) in paragraph at lines 4154--4154
 []  \T1/pcr/m/n/10 root = TRUE, rhizome = TRUE, LAI = TRUE, grain = TRUE, xlab
 = NULL,[] 

Overfull \hbox (6.78088pt too wide) in paragraph at lines 4155--4155
 []  \T1/pcr/m/n/10 ylab = NULL, pch = 21, lty = 1, lwd = 1, col = c("blue", "g
reen",[] 
[64] (/usr/share/texmf-texlive/tex/latex/base/utf8.def) [65]
(/usr/share/texmf-texlive/tex/latex/base/utf8.def) [66]
(/usr/share/texmf-texlive/tex/latex/base/utf8.def)
(/usr/share/texmf-texlive/tex/latex/base/utf8.def)
(/usr/share/texmf-texlive/tex/latex/base/utf8.def)
(/usr/share/texmf-texlive/tex/latex/base/utf8.def) [67]
(/usr/share/texmf-texlive/tex/latex/base/utf8.def)
(/usr/share/texmf-texlive/tex/latex/base/utf8.def)
(/usr/share/texmf-texlive/tex/latex/base/utf8.def) [68]
(/usr/share/texmf-texlive/tex/latex/base/utf8.def)
(/usr/share/texmf-texlive/tex/latex/base/utf8.def) [69]
(/usr/share/texmf-texlive/tex/latex/base/utf8.def)
(/usr/share/texmf-texlive/tex/latex/base/utf8.def)
(/usr/share/texmf-texlive/tex/latex/base/utf8.def) [70]
(/usr/share/texmf-texlive/tex/latex/base/utf8.def)
(/usr/share/texmf-texlive/tex/latex/base/utf8.def) [71] [72]
(/usr/share/texmf-texlive/tex/latex/base/utf8.def) [73]
(/usr/share/texmf-texlive/tex/latex/base/utf8.def)
Overfull \hbox (6.78088pt too wide) in paragraph at lines 4726--4726
 []\T1/pcr/m/n/10 RsqC4photo(data, vmax = 39, alph = 0.04, kparm = 0.7, theta =
 0.83,[] 

Overfull \hbox (6.78088pt too wide) in paragraph at lines 4728--4728
 []  \T1/pcr/m/n/10 b0 = 0.08, b1 = 3, StomWS = 1, response = c("Assim", "StomC
ond"))[] 
[74] (/usr/share/texmf-texlive/tex/latex/base/utf8.def)
Overfull \hbox (24.78088pt too wide) in paragraph at lines 4811--4811
 []\T1/pcr/m/n/10 RsqEC4photo(obsDat, iVcmax = 60, iVpmax = 120, iVpr = 80, iJm
ax = 400,[] 
[75] (/usr/share/texmf-texlive/tex/latex/base/utf8.def)
(/usr/share/texmf-texlive/tex/latex/base/utf8.def) [76]
(/usr/share/texmf-texlive/tex/latex/base/utf8.def)
Overfull \hbox (12.78088pt too wide) in paragraph at lines 4943--4943
 []\T1/pcr/m/n/10 RUEmod(Rad, T.a, doy.s = 91, doy.f = 227, lai.c = 0.0102, rue
 = 2.4,[] 
[77]
Overfull \hbox (3.8179pt too wide) in paragraph at lines 4990--4996
[]\T1/ptm/m/n/10 Clifton-Brown, J.C., Long, S.P. and Jor-gensen, U. with con-tr
i-bu-tions from S.A. Humphries, Schwarz,
(/usr/share/texmf-texlive/tex/latex/base/utf8.def) [78]
(/usr/share/texmf-texlive/tex/latex/base/utf8.def)
(/usr/share/texmf-texlive/tex/latex/base/utf8.def) [79]
(/usr/share/texmf-texlive/tex/latex/base/utf8.def) [80]
Overfull \hbox (90.78033pt too wide) in paragraph at lines 5166--5166
 []\T1/pcr/m/n/9 SoilEvapo(LAI=3,k=0.68,AirTemp=20,IRad=1000,awc=0.3,FieldC=0.4
,WiltP=0.2,winds=3,RelH=0.8)[] 
(/usr/share/texmf-texlive/tex/latex/base/utf8.def)
Overfull \hbox (12.78088pt too wide) in paragraph at lines 5180--5180
 []\T1/pcr/m/n/10 soilML(precipt, CanopyT, cws, soilDepth, FieldC, WiltP, phi1 
= 0.01,[] 

Overfull \hbox (12.78088pt too wide) in paragraph at lines 5181--5181
 []  \T1/pcr/m/n/10 phi2 = 10, wsFun = c("linear", "logistic", "exp", "none"), 
rootDB,[] 

Overfull \hbox (12.78088pt too wide) in paragraph at lines 5182--5182
 []  \T1/pcr/m/n/10 soilLayers = 3, LAI, k, AirTemp, IRad, winds, RelH, soilTyp
e = 10,[] 
[81] (/usr/share/texmf-texlive/tex/latex/base/utf8.def) [82]
(/usr/share/texmf-texlive/tex/latex/base/utf8.def)
(/usr/share/texmf-texlive/tex/latex/base/utf8.def)
(/usr/share/texmf-texlive/tex/latex/base/utf8.def) [83]
(/usr/share/texmf-texlive/tex/latex/base/utf8.def)
Overfull \hbox (6.78088pt too wide) in paragraph at lines 5347--5347
 []\T1/pcr/m/n/10 sunML(Idir, Idiff, LAI = 8, nlayers = 8, cos.theta = 0.5, kd 
= 0.7,[] 
[84] (/usr/share/texmf-texlive/tex/latex/base/utf8.def)
(/usr/share/texmf-texlive/tex/latex/base/utf8.def)
(/usr/share/texmf-texlive/tex/latex/base/utf8.def) [85]
(/usr/share/texmf-texlive/tex/latex/base/utf8.def)
(/usr/share/texmf-texlive/tex/latex/base/utf8.def) [86]
(/usr/share/texmf-texlive/tex/latex/base/utf8.def) [87]
(/usr/share/texmf-texlive/tex/latex/base/utf8.def)
Overfull \hbox (0.78088pt too wide) in paragraph at lines 5572--5572
 []  \T1/pcr/m/n/10 rh.units = c("percent", "fraction"), ws.units = c("mph", "m
ps"),[] 
[88] (/usr/share/texmf-texlive/tex/latex/base/utf8.def)
Overfull \hbox (0.78088pt too wide) in paragraph at lines 5658--5658
 []  \T1/pcr/m/n/10 rh.units = c("percent", "fraction"), ws.units = c("mph", "m
ps"),[] 
[89] (/usr/share/texmf-texlive/tex/latex/base/utf8.def)
Overfull \hbox (0.78088pt too wide) in paragraph at lines 5705--5705
 []  \T1/pcr/m/n/10 rh.units = c("percent", "fraction"), ws.units = c("mph", "m
ps"),[] 
[90] (/usr/share/texmf-texlive/tex/latex/base/utf8.def)
(/usr/share/texmf-texlive/tex/latex/base/utf8.def)
Overfull \hbox (0.78088pt too wide) in paragraph at lines 5788--5788
 []  \T1/pcr/m/n/10 rh.units = c("percent", "fraction"), ws.units = c("mph", "m
ps"),[] 
[91] (/usr/share/texmf-texlive/tex/latex/base/utf8.def)
Overfull \hbox (24.78088pt too wide) in paragraph at lines 5838--5838
 []\T1/pcr/m/n/10 weach_imn(data, lati, ts = 1, temp.units = c("Fahrenheit", "C
elsius"),[] 

Overfull \hbox (0.78088pt too wide) in paragraph at lines 5839--5839
 []  \T1/pcr/m/n/10 rh.units = c("percent", "fraction"), ws.units = c("mph", "m
ps"),[] 
[92] [93]
Overfull \hbox (123.1803pt too wide) in paragraph at lines 5920--5920
 []\T1/pcr/m/n/9 url <- "http://www.agron.iastate.edu/miguezlab/teaching/CropSo
ilModel/ames_2010-iowamesonet.txt"[] 
(/usr/share/texmf-texlive/tex/latex/base/utf8.def)
(/usr/share/texmf-texlive/tex/latex/base/utf8.def) [94]
(/usr/share/texmf-texlive/tex/latex/base/utf8.def)
Overfull \hbox (24.78088pt too wide) in paragraph at lines 6000--6000
 []\T1/pcr/m/n/10 willowCent(WetDat, day1 = 120, dayn = 300, timestep = 1, iRhi
zome = 1,[] 

Overfull \hbox (42.78088pt too wide) in paragraph at lines 6004--6004
 []  \T1/pcr/m/n/10 nitroControl = list(), iPlantControl = list(), centuryContr
ol = list())[] 

Overfull \hbox (7.79762pt too wide) in paragraph at lines 6028--6031
[]\T1/ptm/m/n/10 Initial rhi-zome pro-por-tion that be-comes leaf. This should 
not typ-i-cally be changed,
[95]
Overfull \hbox (0.3073pt too wide) in paragraph at lines 6052--6055
[]\T1/ptm/m/n/10 List that con-trols as-pects of senes-cence sim-u-la-tion. It 
should be sup-plied through
[96] [97]
Overfull \hbox (58.38037pt too wide) in paragraph at lines 6253--6253
 []\T1/pcr/m/n/9 res2 <- willowGro(weather05, soilControl = soilParms(soilLayer
s = 6, hydrDist=TRUE))[] 
[98] (/usr/share/texmf-texlive/tex/latex/base/utf8.def)
Overfull \hbox (18.78088pt too wide) in paragraph at lines 6320--6320
 []\T1/pcr/m/n/10 willowGro(WetDat, day1 = 120, dayn = 300, timestep = 1, iRhiz
ome = 1,[] 

Overfull \hbox (42.78088pt too wide) in paragraph at lines 6324--6324
 []  \T1/pcr/m/n/10 nitroControl = list(), iPlantControl = list(), centuryContr
ol = list())[] 

Overfull \hbox (7.79762pt too wide) in paragraph at lines 6348--6351
[]\T1/ptm/m/n/10 Initial rhi-zome pro-por-tion that be-comes leaf. This should 
not typ-i-cally be changed,
[99]
Overfull \hbox (0.3073pt too wide) in paragraph at lines 6372--6375
[]\T1/ptm/m/n/10 List that con-trols as-pects of senes-cence sim-u-la-tion. It 
should be sup-plied through
[100] [101]
Overfull \hbox (58.38037pt too wide) in paragraph at lines 6572--6572
 []\T1/pcr/m/n/9 res2 <- willowGro(weather05, soilControl = soilParms(soilLayer
s = 6, hydrDist=TRUE))[] 
[102] (/usr/share/texmf-texlive/tex/latex/base/utf8.def)
Overfull \hbox (66.78088pt too wide) in paragraph at lines 6624--6624
 []\T1/pcr/m/n/10 wsRcoef(aw, fieldc, wiltp, phi1, phi2, wsFun = c("linear", "l
ogistic", "exp",[] 
(/usr/share/texmf-texlive/tex/latex/base/utf8.def)
Overfull \hbox (0.78088pt too wide) in paragraph at lines 6661--6661
 []\T1/pcr/m/n/10 wtrstr(precipt, evapo, cws, soildepth, fieldc, wiltp, phi1 = 
0.01,[] 
[103]
Overfull \hbox (36.7804pt too wide) in paragraph at lines 6706--6706
 []\T1/pcr/m/n/9 ## Looking at the three possible models for the effect of soil
 moisture on water[] 
[104]
Overfull \hbox (25.98041pt too wide) in paragraph at lines 6716--6716
 []\T1/pcr/m/n/9 wats.Log[i] <- wtrstr(1,1,aws[i],0.5,0.37,0.2,2e-2,4,wsFun=\TS
1/pcr/m/n/9 '\T1/pcr/m/n/9 logistic\TS1/pcr/m/n/9 '\T1/pcr/m/n/9 )$wsPhoto[] 

Overfull \hbox (4.38043pt too wide) in paragraph at lines 6717--6717
 []\T1/pcr/m/n/9 wats.exp[i] <- wtrstr(1,1,aws[i],0.5,0.37,0.2,2e-2,4, wsFun=\T
S1/pcr/m/n/9 '\T1/pcr/m/n/9 exp\TS1/pcr/m/n/9 '\T1/pcr/m/n/9 )$wsPhoto[] 

Overfull \hbox (15.18042pt too wide) in paragraph at lines 6718--6718
 []\T1/pcr/m/n/9 wats.none[i] <- wtrstr(1,1,aws[i],0.5,0.37,0.2,2e-2,4, wsFun=\
TS1/pcr/m/n/9 '\T1/pcr/m/n/9 none\TS1/pcr/m/n/9 '\T1/pcr/m/n/9 )$wsPhoto[] 

Overfull \hbox (90.78033pt too wide) in paragraph at lines 6761--6761
 []\T1/pcr/m/n/9 wats.1 <- wsRcoef(aw=aws,fieldc=0.37,wiltp=0.2,phi1=1e-2,phi2=
1, wsFun=\TS1/pcr/m/n/9 '\T1/pcr/m/n/9 logistic\TS1/pcr/m/n/9 '\T1/pcr/m/n/9 )$
wsPhoto[] 

Overfull \hbox (90.78033pt too wide) in paragraph at lines 6762--6762
 []\T1/pcr/m/n/9 wats.2 <- wsRcoef(aw=aws,fieldc=0.37,wiltp=0.2,phi1=2e-2,phi2=
1, wsFun=\TS1/pcr/m/n/9 '\T1/pcr/m/n/9 logistic\TS1/pcr/m/n/9 '\T1/pcr/m/n/9 )$
wsPhoto[] 

Overfull \hbox (90.78033pt too wide) in paragraph at lines 6763--6763
 []\T1/pcr/m/n/9 wats.3 <- wsRcoef(aw=aws,fieldc=0.37,wiltp=0.2,phi1=3e-2,phi2=
1, wsFun=\TS1/pcr/m/n/9 '\T1/pcr/m/n/9 logistic\TS1/pcr/m/n/9 '\T1/pcr/m/n/9 )$
wsPhoto[] 

Underfull \vbox (badness 10000) has occurred while \output is active [105]
[106] (./Rd2.aux) )
(see the transcript file for additional information){/usr/share/texmf-texlive/f
onts/enc/dvips/base/8r.enc}</usr/share/texmf-texlive/fonts/type1/public/amsfont
s/cm/cmmi10.pfb></usr/share/texmf-texlive/fonts/type1/public/amsfonts/cm/cmr10.
pfb></usr/share/texmf-texlive/fonts/type1/public/amsfonts/cm/cmr7.pfb></usr/sha
re/texmf-texlive/fonts/type1/public/amsfonts/cm/cmsy7.pfb></usr/share/texmf-tex
live/fonts/type1/urw/courier/ucrr8a.pfb></usr/share/texmf-texlive/fonts/type1/u
rw/helvetic/uhvr8a.pfb></usr/share/texmf-texlive/fonts/type1/urw/times/utmb8a.p
fb></usr/share/texmf-texlive/fonts/type1/urw/times/utmr8a.pfb></usr/share/texmf
-texlive/fonts/type1/urw/times/utmr8a.pfb></usr/share/texmf-texlive/fonts/type1
/urw/times/utmri8a.pfb>
Output written on Rd2.pdf (106 pages, 304979 bytes).
Transcript written on Rd2.log.
This is pdfTeX, Version 3.1415926-1.40.10 (TeX Live 2009/Debian)
entering extended mode
(./Rd2.tex
LaTeX2e <2009/09/24>
Babel <v3.8l> and hyphenation patterns for english, usenglishmax, dumylang, noh
yphenation, loaded.

(/usr/share/texmf-texlive/tex/latex/base/book.cls
Document Class: book 2007/10/19 v1.4h Standard LaTeX document class
(/usr/share/texmf-texlive/tex/latex/base/bk10.clo))
(/usr/share/R/share/texmf/tex/latex/Rd.sty
(/usr/share/texmf-texlive/tex/latex/base/ifthen.sty)
(/usr/share/texmf-texlive/tex/latex/tools/longtable.sty)
(/usr/share/texmf-texlive/tex/latex/tools/bm.sty)
(/usr/share/texmf-texlive/tex/latex/base/alltt.sty)
(/usr/share/texmf-texlive/tex/latex/tools/verbatim.sty)
(/usr/share/texmf-texlive/tex/latex/ltxmisc/url.sty)
(/usr/share/texmf-texlive/tex/latex/base/textcomp.sty
(/usr/share/texmf-texlive/tex/latex/base/ts1enc.def))
(/usr/share/texmf-texlive/tex/latex/base/fontenc.sty
(/usr/share/texmf-texlive/tex/latex/base/t1enc.def))
(/usr/share/texmf-texlive/tex/latex/psnfss/times.sty))
(/usr/share/texmf-texlive/tex/latex/base/inputenc.sty
(/usr/share/texmf-texlive/tex/latex/base/utf8.def
(/usr/share/texmf-texlive/tex/latex/base/t1enc.dfu)
(/usr/share/texmf-texlive/tex/latex/base/ot1enc.dfu)
(/usr/share/texmf-texlive/tex/latex/base/omsenc.dfu)
(/usr/share/texmf-texlive/tex/latex/base/ts1enc.dfu))
(/usr/share/texmf-texlive/tex/latex/base/latin1.def)) (./Rd2.aux)
(/usr/share/texmf-texlive/tex/latex/base/ts1cmr.fd)
(/usr/share/texmf-texlive/tex/latex/psnfss/t1ptm.fd)
(/usr/share/texmf-texlive/tex/latex/psnfss/t1pcr.fd)
Overfull \hbox (383.02168pt too wide) in paragraph at lines 17--21
\T1/ptm/m/n/10 Fernando Miguez \T1/pcr/m/n/10 <femiguez@iastate.edu>\T1/ptm/m/n
/10 ,Deepak Jaiswal \T1/pcr/m/n/10 <djaiswal@illinois.edu>\T1/ptm/m/n/10 ,Dan W
ang \T1/pcr/m/n/10 <dwng@illinois.edu>\T1/ptm/m/n/10 ,David LeBauer \T1/pcr/m/n
/10 <dlebauer@illinois.edu>  
(/usr/share/texmf-texlive/tex/latex/psnfss/t1phv.fd) (./Rd2.toc [1{/var/lib/tex
mf/fonts/map/pdftex/updmap/pdftex.map}] [2])
(/usr/share/texmf-texlive/tex/latex/base/utf8.def) [3]
(/usr/share/texmf-texlive/tex/latex/base/utf8.def)
(/usr/share/texmf-texlive/tex/latex/base/utf8.def) [4]
(/usr/share/texmf-texlive/tex/latex/base/utf8.def)
Underfull \hbox (badness 10000) in paragraph at lines 140--140
[]\T1/ptm/m/it/10 Arden Buck Equa-tion from Buck Re-search Man-ual (1996)

Overfull \hbox (4.85713pt too wide) in paragraph at lines 143--145
[]\T1/ptm/m/n/10 Arden Buck Equa-tion from Buck Re-search Man-ual (1996) http:/
/cires.colorado.edu/~voemel/vp.html 
[5] (/usr/share/texmf-texlive/tex/latex/base/utf8.def)
Overfull \hbox (18.78088pt too wide) in paragraph at lines 186--186
 []  \T1/pcr/m/n/10 seneControl = list(), photoControl = list(), phenoControl =
 list(),[] 

Overfull \hbox (30.78088pt too wide) in paragraph at lines 187--187
 []  \T1/pcr/m/n/10 soilControl = list(), nitroControl = list(), centuryControl
 = list())[] 

Overfull \hbox (7.79762pt too wide) in paragraph at lines 211--214
[]\T1/ptm/m/n/10 Initial rhi-zome pro-por-tion that be-comes leaf. This should 
not typ-i-cally be changed,
[6]
Overfull \hbox (0.3073pt too wide) in paragraph at lines 235--238
[]\T1/ptm/m/n/10 List that con-trols as-pects of senes-cence sim-u-la-tion. It 
should be sup-plied through
[7] [8] (/usr/share/texmf-texlive/tex/latex/psnfss/ts1pcr.fd)
Overfull \hbox (42.18039pt too wide) in paragraph at lines 439--439
 []\T1/pcr/m/n/9 res2 <- BioGro(weather05, soilControl = soilParms(soilLayers =
 6, hydrDist=TRUE))[] 
[9] (/usr/share/texmf-texlive/tex/latex/base/utf8.def)
Overfull \hbox (30.78088pt too wide) in paragraph at lines 492--492
 []\T1/pcr/m/n/10 c3CanA(lai, doy, hr, solar, temp, rh, windspeed, lat = 40, nl
ayers = 8,[] 

Overfull \hbox (6.10724pt too wide) in paragraph at lines 526--529
[]\T1/ptm/m/n/10 list that sets the pho-to-syn-the-sis pa-ram-e-ters for c3 pla
nts through the c3photoParms
[10] [11] (/usr/share/texmf-texlive/tex/latex/base/utf8.def)
Overfull \hbox (0.78088pt too wide) in paragraph at lines 638--638
 []\T1/pcr/m/n/10 c3photo(Qp, Tl, RH, vcmax = 100, jmax = 180, Rd = 1.1, Catm =
 380,[] 

Overfull \hbox (12.78088pt too wide) in paragraph at lines 639--639
 []  \T1/pcr/m/n/10 O2 = 210, b0 = 0.08, b1 = 5, theta = 0.7, StomWS = 1, ws = 
c("gs",[] 
[12] [13] (/usr/share/texmf-texlive/tex/latex/base/utf8.def)
Overfull \hbox (30.78088pt too wide) in paragraph at lines 757--757
 []\T1/pcr/m/n/10 c4photo(Qp, Tl, RH, vmax = 39, alpha = 0.04, kparm = 0.7, the
ta = 0.83,[] 

Overfull \hbox (18.78088pt too wide) in paragraph at lines 758--758
 []  \T1/pcr/m/n/10 beta = 0.93, Rd = 0.8, UPPERTEMP = 37.5, LOWERTEMP = 3, Cat
m = 380,[] 
[14] [15]
Underfull \vbox (badness 10000) has occurred while \output is active [16]
Underfull \vbox (badness 10000) has occurred while \output is active [17]
(/usr/share/texmf-texlive/tex/latex/base/utf8.def)
Overfull \hbox (18.78088pt too wide) in paragraph at lines 967--967
 []\T1/pcr/m/n/10 CanA(lai, doy, hr, solar, temp, rh, windspeed, lat = 40, nlay
ers = 8,[] 

Overfull \hbox (0.78088pt too wide) in paragraph at lines 969--969
 []  \T1/pcr/m/n/10 photoControl = list(), lnControl = list(), units = c("kg/m2
/hr",[] 
[18] (/usr/share/texmf-texlive/tex/latex/base/utf8.def) [19]
Overfull \hbox (18.78088pt too wide) in paragraph at lines 1120--1120
 []  \T1/pcr/m/n/10 seneControl = list(), photoControl = list(), phenoControl =
 list(),[] 

Overfull \hbox (42.78088pt too wide) in paragraph at lines 1121--1121
 []  \T1/pcr/m/n/10 soilControl = list(), nitroControl = list(), canephenoContr
ol = list(),[] 

Overfull \hbox (0.3073pt too wide) in paragraph at lines 1171--1174
[]\T1/ptm/m/n/10 List that con-trols as-pects of senes-cence sim-u-la-tion. It 
should be sup-plied through
[20]
Overfull \hbox (54.3478pt too wide) in paragraph at lines 1221--1224
[]\T1/ptm/m/n/10 argument used to pass pa-ram-e-ters re-lated to phe-nol-ogy ch
ar-ac-ter-is-tics \T1/pcr/m/n/10 canePhenoControl
[21] (/usr/share/texmf-texlive/tex/latex/base/utf8.def)
Overfull \hbox (24.78088pt too wide) in paragraph at lines 1286--1286
 []\T1/pcr/m/n/10 Century(LeafL, StemL, RootL, RhizL, smoist, stemp, precip, le
achWater,[] 
[22] (/usr/share/texmf-texlive/tex/latex/base/utf8.def)
Overfull \hbox (30.78088pt too wide) in paragraph at lines 1349--1349
 []\T1/pcr/m/n/10 CenturyC(LeafL, StemL, RootL, RhizL, smoist, stemp, precip, l
eachWater,[] 
(/usr/share/texmf-texlive/tex/latex/base/utf8.def) [23]
(/usr/share/texmf-texlive/tex/latex/base/utf8.def)
(/usr/share/texmf-texlive/tex/latex/base/utf8.def) [24]
(/usr/share/texmf-texlive/tex/latex/base/utf8.def)
Overfull \hbox (18.78088pt too wide) in paragraph at lines 1479--1479
 []  \T1/pcr/m/n/10 seneControl = list(), photoControl = list(), phenoControl =
 list(),[] 

Overfull \hbox (36.78088pt too wide) in paragraph at lines 1480--1480
 []  \T1/pcr/m/n/10 soilControl = list(), nitroControl = list(), SOMpoolsContro
l = list(),[] 

Overfull \hbox (54.78088pt too wide) in paragraph at lines 1481--1481
 []  \T1/pcr/m/n/10 SOMAssignParmsControl = list(), GetCropCentStateVarParmsCon
trol = list(),[] 

Overfull \hbox (60.78088pt too wide) in paragraph at lines 1483--1483
 []  \T1/pcr/m/n/10 GetBioCroToCropcentParmsControl = list(), GetErosionParmsCo
ntrol = list(),[] 
[25]
Overfull \hbox (7.79762pt too wide) in paragraph at lines 1509--1512
[]\T1/ptm/m/n/10 Initial rhi-zome pro-por-tion that be-comes leaf. This should 
not typ-i-cally be changed,

Overfull \hbox (0.3073pt too wide) in paragraph at lines 1533--1536
[]\T1/ptm/m/n/10 List that con-trols as-pects of senes-cence sim-u-la-tion. It 
should be sup-plied through
[26] [27]
Overfull \hbox (42.18039pt too wide) in paragraph at lines 1737--1737
 []\T1/pcr/m/n/9 res2 <- BioGro(weather05, soilControl = soilParms(soilLayers =
 6, hydrDist=TRUE))[] 
[28] (/usr/share/texmf-texlive/tex/latex/base/utf8.def) [29]
(/usr/share/texmf-texlive/tex/latex/base/utf8.def)
Overfull \hbox (24.78088pt too wide) in paragraph at lines 1828--1828
 []\T1/pcr/m/n/10 eC4photo(Qp, airtemp, rh, ca = 380, oa = 210, vcmax = 60, vpm
ax = 120,[] 
[30]
Overfull \hbox (31.3804pt too wide) in paragraph at lines 1917--1917
 []\T1/pcr/m/n/9 res1[i] <- eC4photo(dat1$Qp[i],dat1$Tl[i],dat1$RH[i],vcmax=dat
1$vcmax[i])$Assim[] 
(/usr/share/texmf-texlive/tex/latex/base/utf8.def) [31]
Overfull \hbox (48.78088pt too wide) in paragraph at lines 1949--1949
 []\T1/pcr/m/n/10 eCanA(LAI, doy, hour, solarR, AirTemp, RH, WindS, Vcmax, Vpma
x, Vpr, Jmax,[] 
[32] (/usr/share/texmf-texlive/tex/latex/base/utf8.def) [33]
(/usr/share/texmf-texlive/tex/latex/base/utf8.def)
(/usr/share/texmf-texlive/tex/latex/base/utf8.def) [34]
(/usr/share/texmf-texlive/tex/latex/base/utf8.def)
(/usr/share/texmf-texlive/tex/latex/base/utf8.def)
Underfull \hbox (badness 10000) in paragraph at lines 2164--2164
[]\T1/ptm/m/it/10 The Goff Gratch equa-tion from Smith-so-nian Ta-bles, 1984.

Overfull \hbox (5.4969pt too wide) in paragraph at lines 2167--2169
[]\T1/ptm/m/n/10 The Goff Gratch equa-tion from Smith-so-nian Ta-bles, 1984. ht
tp://cires.colorado.edu/~voemel/vp.html 
[35] (/usr/share/texmf-texlive/tex/latex/base/utf8.def)
Overfull \hbox (25.42944pt too wide) in paragraph at lines 2217--2220
[]\T1/ptm/m/n/10 It re-turns a vec-tor of length 25 suit-able for \T1/pcr/m/n/1
0 BioGro\T1/ptm/m/n/10 , \T1/pcr/m/n/10 OpBioGro\T1/ptm/m/n/10 , \T1/pcr/m/n/10
 constrOpBioGro\T1/ptm/m/n/10 , or \T1/pcr/m/n/10 MCMCBioGro\T1/ptm/m/n/10 . 
[36] (/usr/share/texmf-texlive/tex/latex/base/utf8.def)
Overfull \hbox (7.95114pt too wide) in paragraph at lines 2256--2264
\T1/ptm/m/n/10 0.00704 0 0.00119 611 280.000 1.08019 0.95531 0.11618 0 1.62350 
1221 560.000
(/usr/share/texmf-texlive/tex/latex/base/utf8.def) [37]
(/usr/share/texmf-texlive/tex/latex/base/utf8.def) [38]
(/usr/share/texmf-texlive/tex/latex/base/utf8.def)
Overfull \hbox (42.78088pt too wide) in paragraph at lines 2374--2374
 []\T1/pcr/m/n/10 MaizeGro(WetDat, plant.day = NULL, emerge.day = NULL, harvest
.day = NULL,[] 

Overfull \hbox (12.78088pt too wide) in paragraph at lines 2375--2375
 []  \T1/pcr/m/n/10 plant.density = 7, timestep = 1, lat = 40, canopyControl = 
list(),[] 

Overfull \hbox (36.78088pt too wide) in paragraph at lines 2378--2378
 []  \T1/pcr/m/n/10 laiControl = list(), soilControl = list(), MaizeNitroContro
l = list(),[] 
[39]
Overfull \hbox (0.3073pt too wide) in paragraph at lines 2427--2430
[]\T1/ptm/m/n/10 List that con-trols as-pects of senes-cence sim-u-la-tion. It 
should be sup-plied through

Overfull \hbox (60.3478pt too wide) in paragraph at lines 2477--2480
[]\T1/ptm/m/n/10 argument used to pass pa-ram-e-ters re-lated to phe-nol-ogy ch
ar-ac-ter-is-tics \T1/pcr/m/n/10 MaizePhenoControl
[40]
Overfull \hbox (25.98041pt too wide) in paragraph at lines 2532--2532
 []\T1/pcr/m/n/9 res <- MaizeGro(weather05, plant.day = 110, emerge.day = 120, 
harvest.day=300,[] 
(/usr/share/texmf-texlive/tex/latex/base/utf8.def)
Overfull \hbox (6.78088pt too wide) in paragraph at lines 2545--2545
 []\T1/pcr/m/n/10 MaizePhenoParms(base.temp = 10, max.leaves = 20, plant.emerg 
= 100,[] 
[41] (/usr/share/texmf-texlive/tex/latex/base/utf8.def)
(/usr/share/texmf-texlive/tex/latex/base/utf8.def) [42]
Overfull \hbox (12.78088pt too wide) in paragraph at lines 2611--2611
 []  \T1/pcr/m/n/10 saTemp = 5, coolSamp = 20, scale = 0.5, WetDat, data, day1 
= NULL,[] 

Overfull \hbox (0.78088pt too wide) in paragraph at lines 2612--2612
 []  \T1/pcr/m/n/10 dayn = NULL, timestep = 1, lat = 40, iRhizome = 7, irtl = 1
e-04,[] 

Overfull \hbox (24.78088pt too wide) in paragraph at lines 2613--2613
 []  \T1/pcr/m/n/10 canopyControl = list(), seneControl = list(), photoControl 
= list(),[] 

Overfull \hbox (18.78088pt too wide) in paragraph at lines 2614--2614
 []  \T1/pcr/m/n/10 phenoControl = list(), soilControl = list(), nitroControl =
 list(),[] 
[43]
Overfull \hbox (9.78043pt too wide) in paragraph at lines 2721--2721
 []\T1/pcr/m/n/9 pheno.ll <- phenoParms(kLeaf1=0.48,kStem1=0.47,kRoot1=0.05,kRh
izome1=-1e-4,[] 

Overfull \hbox (15.18042pt too wide) in paragraph at lines 2722--2722
 []                       \T1/pcr/m/n/9 kLeaf2=0.14,kStem2=0.65,kRoot2=0.21, kR
hizome2=-1e-4,[] 

Overfull \hbox (15.18042pt too wide) in paragraph at lines 2723--2723
 []                       \T1/pcr/m/n/9 kLeaf3=0.01, kStem3=0.56, kRoot3=0.13, 
kRhizome3=0.3,[] 

Overfull \hbox (15.18042pt too wide) in paragraph at lines 2724--2724
 []                       \T1/pcr/m/n/9 kLeaf4=0.01, kStem4=0.56, kRoot4=0.13, 
kRhizome4=0.3,[] 

Overfull \hbox (15.18042pt too wide) in paragraph at lines 2725--2725
 []                       \T1/pcr/m/n/9 kLeaf5=0.01, kStem5=0.56, kRoot5=0.13, 
kRhizome5=0.3,[] 

Overfull \hbox (15.18042pt too wide) in paragraph at lines 2726--2726
 []                       \T1/pcr/m/n/9 kLeaf6=0.01, kStem6=0.56, kRoot6=0.13, 
kRhizome6=0.3)[] 
[44]
Overfull \hbox (69.18036pt too wide) in paragraph at lines 2732--2732
 []\T1/pcr/m/n/9 simDat <- ans.dat[sel.rows,c(\TS1/pcr/m/n/9 '\T1/pcr/m/n/9 The
rmalT\TS1/pcr/m/n/9 '\T1/pcr/m/n/9 ,\TS1/pcr/m/n/9 '\T1/pcr/m/n/9 Stem\TS1/pcr/
m/n/9 '\T1/pcr/m/n/9 ,\TS1/pcr/m/n/9 '\T1/pcr/m/n/9 Leaf\TS1/pcr/m/n/9 '\T1/pcr
/m/n/9 ,\TS1/pcr/m/n/9 '\T1/pcr/m/n/9 Root\TS1/pcr/m/n/9 '\T1/pcr/m/n/9 ,\TS1/p
cr/m/n/9 '\T1/pcr/m/n/9 Rhizome\TS1/pcr/m/n/9 '\T1/pcr/m/n/9 ,\TS1/pcr/m/n/9 '\
T1/pcr/m/n/9 Grain\TS1/pcr/m/n/9 '\T1/pcr/m/n/9 ,\TS1/pcr/m/n/9 '\T1/pcr/m/n/9 
LAI\TS1/pcr/m/n/9 '\T1/pcr/m/n/9 )][] 
(/usr/share/texmf-texlive/tex/latex/base/utf8.def)
Overfull \hbox (6.78088pt too wide) in paragraph at lines 2775--2775
 []  \T1/pcr/m/n/10 ikparm = 0.7, itheta = 0.83, ibeta = 0.93, iRd = 0.8, Catm 
= 380,[] 

Overfull \hbox (18.78088pt too wide) in paragraph at lines 2777--2777
 []  \T1/pcr/m/n/10 sds = c(1, 0.005), prior = c(39, 10, 0.04, 0.02), UPPERTEMP
 = 37.5,[] 
[45] [46] (/usr/share/texmf-texlive/tex/latex/base/utf8.def)
Overfull \hbox (24.78088pt too wide) in paragraph at lines 2888--2888
 []\T1/pcr/m/n/10 MCMCEc4photo(obsDat, niter = 30000, iCa = 380, iOa = 210, iVc
max = 60,[] 
[47] (/usr/share/texmf-texlive/tex/latex/base/utf8.def)
Underfull \hbox (badness 1688) in paragraph at lines 2978--2978
[]\T1/ptm/m/it/10 Multiple op-ti-miza-tion of as-sim-i-la-tion (or stom-atal co
n-duc-tance)
[48] [49] (/usr/share/texmf-texlive/tex/latex/base/utf8.def)
Overfull \hbox (30.78088pt too wide) in paragraph at lines 3089--3089
 []  \T1/pcr/m/n/10 ibeta = 0.93, curve.kind = c("Q", "Ci"), op.level = 1, op.c
i = FALSE,[] 
[50]
Overfull \hbox (3.32823pt too wide) in paragraph at lines 3154--3160
\T1/ptm/m/n/10 has an ar-gu-ment that it is used to dsi-play ei-ther vmax or al
-pha (i.e. \T1/pcr/m/n/10 parm=c(\TS1/pcr/m/n/10 '\T1/pcr/m/n/10 vmax\TS1/pcr/m
/n/10 '\T1/pcr/m/n/10 ,\TS1/pcr/m/n/10 '\T1/pcr/m/n/10 alpha\TS1/pcr/m/n/10 '\T
1/pcr/m/n/10 )\T1/ptm/m/n/10 ).
(/usr/share/texmf-texlive/tex/latex/base/utf8.def) [51]
(/usr/share/texmf-texlive/tex/latex/base/utf8.def)
(/usr/share/texmf-texlive/tex/latex/base/utf8.def) [52]
(/usr/share/texmf-texlive/tex/latex/base/utf8.def)
Overfull \hbox (36.78088pt too wide) in paragraph at lines 3278--3278
 []\T1/pcr/m/n/10 OpBioGro(phen = 1, iCoef = NULL, WetDat, data, day1 = NULL, d
ayn = NULL,[] 

Overfull \hbox (24.78088pt too wide) in paragraph at lines 3280--3280
 []  \T1/pcr/m/n/10 canopyControl = list(), seneControl = list(), photoControl 
= list(),[] 

Overfull \hbox (18.78088pt too wide) in paragraph at lines 3281--3281
 []  \T1/pcr/m/n/10 phenoControl = list(), soilControl = list(), nitroControl =
 list(),[] 
[53]
Overfull \hbox (9.78043pt too wide) in paragraph at lines 3369--3369
 []\T1/pcr/m/n/9 pheno.ll <- phenoParms(kLeaf1=0.48,kStem1=0.47,kRoot1=0.05,kRh
izome1=-1e-4,[] 

Overfull \hbox (15.18042pt too wide) in paragraph at lines 3370--3370
 []                       \T1/pcr/m/n/9 kLeaf2=0.14,kStem2=0.65,kRoot2=0.21, kR
hizome2=-1e-4,[] 

Overfull \hbox (15.18042pt too wide) in paragraph at lines 3371--3371
 []                       \T1/pcr/m/n/9 kLeaf3=0.01, kStem3=0.56, kRoot3=0.13, 
kRhizome3=0.3,[] 

Overfull \hbox (15.18042pt too wide) in paragraph at lines 3372--3372
 []                       \T1/pcr/m/n/9 kLeaf4=0.01, kStem4=0.56, kRoot4=0.13, 
kRhizome4=0.3,[] 

Overfull \hbox (15.18042pt too wide) in paragraph at lines 3373--3373
 []                       \T1/pcr/m/n/9 kLeaf5=0.01, kStem5=0.56, kRoot5=0.13, 
kRhizome5=0.3,[] 

Overfull \hbox (15.18042pt too wide) in paragraph at lines 3374--3374
 []                       \T1/pcr/m/n/9 kLeaf6=0.01, kStem6=0.56, kRoot6=0.13, 
kRhizome6=0.3)[] 

Overfull \hbox (69.18036pt too wide) in paragraph at lines 3380--3380
 []\T1/pcr/m/n/9 simDat <- ans.dat[sel.rows,c(\TS1/pcr/m/n/9 '\T1/pcr/m/n/9 The
rmalT\TS1/pcr/m/n/9 '\T1/pcr/m/n/9 ,\TS1/pcr/m/n/9 '\T1/pcr/m/n/9 Stem\TS1/pcr/
m/n/9 '\T1/pcr/m/n/9 ,\TS1/pcr/m/n/9 '\T1/pcr/m/n/9 Leaf\TS1/pcr/m/n/9 '\T1/pcr
/m/n/9 ,\TS1/pcr/m/n/9 '\T1/pcr/m/n/9 Root\TS1/pcr/m/n/9 '\T1/pcr/m/n/9 ,\TS1/p
cr/m/n/9 '\T1/pcr/m/n/9 Rhizome\TS1/pcr/m/n/9 '\T1/pcr/m/n/9 ,\TS1/pcr/m/n/9 '\
T1/pcr/m/n/9 Grain\TS1/pcr/m/n/9 '\T1/pcr/m/n/9 ,\TS1/pcr/m/n/9 '\T1/pcr/m/n/9 
LAI\TS1/pcr/m/n/9 '\T1/pcr/m/n/9 )][] 
[54] (/usr/share/texmf-texlive/tex/latex/base/utf8.def)
Overfull \hbox (24.78088pt too wide) in paragraph at lines 3413--3413
 []  \T1/pcr/m/n/10 op.method = c("optim", "nlminb"), response = c("Assim", "St
omCond"),[] 
[55] (/usr/share/texmf-texlive/tex/latex/base/utf8.def) [56]
Overfull \hbox (6.78088pt too wide) in paragraph at lines 3530--3530
 []\T1/pcr/m/n/10 Opc4photo(data, ivmax = 39, ialpha = 0.04, iRd = 0.8, ikparm 
= 0.7,[] 
[57] (/usr/share/texmf-texlive/tex/latex/base/utf8.def)
Underfull \hbox (badness 1831) in paragraph at lines 3643--3643
[]\T1/ptm/m/it/10 Optimization of C4 pho-to-syn-the-sis pa-ram-e-ters (von Caem
-merer

Overfull \hbox (18.78088pt too wide) in paragraph at lines 3654--3654
 []\T1/pcr/m/n/10 OpEC4photo(obsDat, iVcmax = 60, iVpmax = 120, iVpr = 80, iJma
x = 400,[] 
[58] (/usr/share/texmf-texlive/tex/latex/base/utf8.def)
Overfull \hbox (30.78088pt too wide) in paragraph at lines 3715--3715
 []\T1/pcr/m/n/10 OpMaizeGro(phen = 1, iCoef = NULL, cTT, WetDat, data, plant.d
ay = NULL,[] 

Overfull \hbox (36.78088pt too wide) in paragraph at lines 3720--3720
 []  \T1/pcr/m/n/10 laiControl = list(), soilControl = list(), MaizeNitroContro
l = list(),[] 
[59] (/usr/share/texmf-texlive/tex/latex/base/utf8.def)
Overfull \hbox (18.78088pt too wide) in paragraph at lines 3795--3795
 []  \T1/pcr/m/n/10 root = TRUE, rhizome = TRUE, LAI = TRUE, grain = TRUE, xlab
 = NULL,[] 

Overfull \hbox (6.78088pt too wide) in paragraph at lines 3796--3796
 []  \T1/pcr/m/n/10 ylab = NULL, pch = 21, lty = 1, lwd = 1, col = c("blue", "g
reen",[] 
[60] (/usr/share/texmf-texlive/tex/latex/base/utf8.def) [61]
Overfull \hbox (0.78088pt too wide) in paragraph at lines 3868--3868
 []  \T1/pcr/m/n/10 root = TRUE, LAI = TRUE, grain = TRUE, xlab = NULL, ylab = 
NULL,[] 

Overfull \hbox (24.78088pt too wide) in paragraph at lines 3869--3869
 []  \T1/pcr/m/n/10 pch = 21, lty = 1, lwd = 1, col = c("blue", "green", "red",
 "black",[] 
(/usr/share/texmf-texlive/tex/latex/base/utf8.def) [62]
Overfull \hbox (30.78088pt too wide) in paragraph at lines 3943--3943
 []  \T1/pcr/m/n/10 "OF", "RF", "OFT", "trace", "density"), type = c("l", "p"),
 coef = 1,[] 

Overfull \hbox (24.78088pt too wide) in paragraph at lines 3944--3944
 []  \T1/pcr/m/n/10 cols = c("blue", "green", "red", "magenta", "black", "purpl
e"), ...)[] 

Overfull \hbox (122.71915pt too wide) in paragraph at lines 3987--3993
\T1/ptm/m/n/10 would in the xy-plot us-ing nams as the name. For ex-am-ple, \T1
/pcr/m/n/10 plot(x,plot.kind="trace",subset=nams=="kLeaf_1")
[63] (/usr/share/texmf-texlive/tex/latex/base/utf8.def)
Overfull \hbox (30.78088pt too wide) in paragraph at lines 4022--4022
 []  \T1/pcr/m/n/10 "density"), type = c("l", "p"), burnin = 1, cols = c("blue"
, "green",[] 
(/usr/share/texmf-texlive/tex/latex/base/utf8.def) [64]
(/usr/share/texmf-texlive/tex/latex/base/utf8.def)
(/usr/share/texmf-texlive/tex/latex/base/utf8.def) [65]
(/usr/share/texmf-texlive/tex/latex/base/utf8.def)
Overfull \hbox (18.78088pt too wide) in paragraph at lines 4154--4154
 []  \T1/pcr/m/n/10 root = TRUE, rhizome = TRUE, LAI = TRUE, grain = TRUE, xlab
 = NULL,[] 

Overfull \hbox (6.78088pt too wide) in paragraph at lines 4155--4155
 []  \T1/pcr/m/n/10 ylab = NULL, pch = 21, lty = 1, lwd = 1, col = c("blue", "g
reen",[] 
[66] (/usr/share/texmf-texlive/tex/latex/base/utf8.def) [67]
(/usr/share/texmf-texlive/tex/latex/base/utf8.def) [68]
(/usr/share/texmf-texlive/tex/latex/base/utf8.def)
(/usr/share/texmf-texlive/tex/latex/base/utf8.def)
(/usr/share/texmf-texlive/tex/latex/base/utf8.def)
(/usr/share/texmf-texlive/tex/latex/base/utf8.def) [69]
(/usr/share/texmf-texlive/tex/latex/base/utf8.def)
(/usr/share/texmf-texlive/tex/latex/base/utf8.def)
(/usr/share/texmf-texlive/tex/latex/base/utf8.def) [70]
(/usr/share/texmf-texlive/tex/latex/base/utf8.def)
(/usr/share/texmf-texlive/tex/latex/base/utf8.def) [71]
(/usr/share/texmf-texlive/tex/latex/base/utf8.def)
(/usr/share/texmf-texlive/tex/latex/base/utf8.def)
(/usr/share/texmf-texlive/tex/latex/base/utf8.def) [72]
(/usr/share/texmf-texlive/tex/latex/base/utf8.def)
(/usr/share/texmf-texlive/tex/latex/base/utf8.def) [73] [74]
(/usr/share/texmf-texlive/tex/latex/base/utf8.def) [75]
(/usr/share/texmf-texlive/tex/latex/base/utf8.def)
Overfull \hbox (6.78088pt too wide) in paragraph at lines 4726--4726
 []\T1/pcr/m/n/10 RsqC4photo(data, vmax = 39, alph = 0.04, kparm = 0.7, theta =
 0.83,[] 

Overfull \hbox (6.78088pt too wide) in paragraph at lines 4728--4728
 []  \T1/pcr/m/n/10 b0 = 0.08, b1 = 3, StomWS = 1, response = c("Assim", "StomC
ond"))[] 
[76] (/usr/share/texmf-texlive/tex/latex/base/utf8.def)
Overfull \hbox (24.78088pt too wide) in paragraph at lines 4811--4811
 []\T1/pcr/m/n/10 RsqEC4photo(obsDat, iVcmax = 60, iVpmax = 120, iVpr = 80, iJm
ax = 400,[] 
[77] (/usr/share/texmf-texlive/tex/latex/base/utf8.def)
(/usr/share/texmf-texlive/tex/latex/base/utf8.def) [78]
(/usr/share/texmf-texlive/tex/latex/base/utf8.def)
Overfull \hbox (12.78088pt too wide) in paragraph at lines 4943--4943
 []\T1/pcr/m/n/10 RUEmod(Rad, T.a, doy.s = 91, doy.f = 227, lai.c = 0.0102, rue
 = 2.4,[] 
[79]
Overfull \hbox (3.8179pt too wide) in paragraph at lines 4990--4996
[]\T1/ptm/m/n/10 Clifton-Brown, J.C., Long, S.P. and Jor-gensen, U. with con-tr
i-bu-tions from S.A. Humphries, Schwarz,
(/usr/share/texmf-texlive/tex/latex/base/utf8.def) [80]
(/usr/share/texmf-texlive/tex/latex/base/utf8.def)
(/usr/share/texmf-texlive/tex/latex/base/utf8.def) [81]
(/usr/share/texmf-texlive/tex/latex/base/utf8.def) [82]
Overfull \hbox (90.78033pt too wide) in paragraph at lines 5166--5166
 []\T1/pcr/m/n/9 SoilEvapo(LAI=3,k=0.68,AirTemp=20,IRad=1000,awc=0.3,FieldC=0.4
,WiltP=0.2,winds=3,RelH=0.8)[] 
(/usr/share/texmf-texlive/tex/latex/base/utf8.def)
Overfull \hbox (12.78088pt too wide) in paragraph at lines 5180--5180
 []\T1/pcr/m/n/10 soilML(precipt, CanopyT, cws, soilDepth, FieldC, WiltP, phi1 
= 0.01,[] 

Overfull \hbox (12.78088pt too wide) in paragraph at lines 5181--5181
 []  \T1/pcr/m/n/10 phi2 = 10, wsFun = c("linear", "logistic", "exp", "none"), 
rootDB,[] 

Overfull \hbox (12.78088pt too wide) in paragraph at lines 5182--5182
 []  \T1/pcr/m/n/10 soilLayers = 3, LAI, k, AirTemp, IRad, winds, RelH, soilTyp
e = 10,[] 
[83] (/usr/share/texmf-texlive/tex/latex/base/utf8.def) [84]
(/usr/share/texmf-texlive/tex/latex/base/utf8.def)
(/usr/share/texmf-texlive/tex/latex/base/utf8.def)
(/usr/share/texmf-texlive/tex/latex/base/utf8.def) [85]
(/usr/share/texmf-texlive/tex/latex/base/utf8.def)
Overfull \hbox (6.78088pt too wide) in paragraph at lines 5347--5347
 []\T1/pcr/m/n/10 sunML(Idir, Idiff, LAI = 8, nlayers = 8, cos.theta = 0.5, kd 
= 0.7,[] 
[86] (/usr/share/texmf-texlive/tex/latex/base/utf8.def)
(/usr/share/texmf-texlive/tex/latex/base/utf8.def)
(/usr/share/texmf-texlive/tex/latex/base/utf8.def) [87]
(/usr/share/texmf-texlive/tex/latex/base/utf8.def)
(/usr/share/texmf-texlive/tex/latex/base/utf8.def) [88]
(/usr/share/texmf-texlive/tex/latex/base/utf8.def) [89]
(/usr/share/texmf-texlive/tex/latex/base/utf8.def)
Overfull \hbox (0.78088pt too wide) in paragraph at lines 5572--5572
 []  \T1/pcr/m/n/10 rh.units = c("percent", "fraction"), ws.units = c("mph", "m
ps"),[] 
[90] (/usr/share/texmf-texlive/tex/latex/base/utf8.def)
Overfull \hbox (0.78088pt too wide) in paragraph at lines 5658--5658
 []  \T1/pcr/m/n/10 rh.units = c("percent", "fraction"), ws.units = c("mph", "m
ps"),[] 
[91] (/usr/share/texmf-texlive/tex/latex/base/utf8.def)
Overfull \hbox (0.78088pt too wide) in paragraph at lines 5705--5705
 []  \T1/pcr/m/n/10 rh.units = c("percent", "fraction"), ws.units = c("mph", "m
ps"),[] 
[92] (/usr/share/texmf-texlive/tex/latex/base/utf8.def)
(/usr/share/texmf-texlive/tex/latex/base/utf8.def)
Overfull \hbox (0.78088pt too wide) in paragraph at lines 5788--5788
 []  \T1/pcr/m/n/10 rh.units = c("percent", "fraction"), ws.units = c("mph", "m
ps"),[] 
[93] (/usr/share/texmf-texlive/tex/latex/base/utf8.def)
Overfull \hbox (24.78088pt too wide) in paragraph at lines 5838--5838
 []\T1/pcr/m/n/10 weach_imn(data, lati, ts = 1, temp.units = c("Fahrenheit", "C
elsius"),[] 

Overfull \hbox (0.78088pt too wide) in paragraph at lines 5839--5839
 []  \T1/pcr/m/n/10 rh.units = c("percent", "fraction"), ws.units = c("mph", "m
ps"),[] 
[94] [95]
Overfull \hbox (123.1803pt too wide) in paragraph at lines 5920--5920
 []\T1/pcr/m/n/9 url <- "http://www.agron.iastate.edu/miguezlab/teaching/CropSo
ilModel/ames_2010-iowamesonet.txt"[] 
(/usr/share/texmf-texlive/tex/latex/base/utf8.def)
(/usr/share/texmf-texlive/tex/latex/base/utf8.def) [96]
(/usr/share/texmf-texlive/tex/latex/base/utf8.def)
Overfull \hbox (24.78088pt too wide) in paragraph at lines 6000--6000
 []\T1/pcr/m/n/10 willowCent(WetDat, day1 = 120, dayn = 300, timestep = 1, iRhi
zome = 1,[] 

Overfull \hbox (42.78088pt too wide) in paragraph at lines 6004--6004
 []  \T1/pcr/m/n/10 nitroControl = list(), iPlantControl = list(), centuryContr
ol = list())[] 

Overfull \hbox (7.79762pt too wide) in paragraph at lines 6028--6031
[]\T1/ptm/m/n/10 Initial rhi-zome pro-por-tion that be-comes leaf. This should 
not typ-i-cally be changed,
[97]
Overfull \hbox (0.3073pt too wide) in paragraph at lines 6052--6055
[]\T1/ptm/m/n/10 List that con-trols as-pects of senes-cence sim-u-la-tion. It 
should be sup-plied through
[98] [99]
Overfull \hbox (58.38037pt too wide) in paragraph at lines 6253--6253
 []\T1/pcr/m/n/9 res2 <- willowGro(weather05, soilControl = soilParms(soilLayer
s = 6, hydrDist=TRUE))[] 
[100] (/usr/share/texmf-texlive/tex/latex/base/utf8.def)
Overfull \hbox (18.78088pt too wide) in paragraph at lines 6320--6320
 []\T1/pcr/m/n/10 willowGro(WetDat, day1 = 120, dayn = 300, timestep = 1, iRhiz
ome = 1,[] 

Overfull \hbox (42.78088pt too wide) in paragraph at lines 6324--6324
 []  \T1/pcr/m/n/10 nitroControl = list(), iPlantControl = list(), centuryContr
ol = list())[] 

Overfull \hbox (7.79762pt too wide) in paragraph at lines 6348--6351
[]\T1/ptm/m/n/10 Initial rhi-zome pro-por-tion that be-comes leaf. This should 
not typ-i-cally be changed,
[101]
Overfull \hbox (0.3073pt too wide) in paragraph at lines 6372--6375
[]\T1/ptm/m/n/10 List that con-trols as-pects of senes-cence sim-u-la-tion. It 
should be sup-plied through
[102] [103]
Overfull \hbox (58.38037pt too wide) in paragraph at lines 6572--6572
 []\T1/pcr/m/n/9 res2 <- willowGro(weather05, soilControl = soilParms(soilLayer
s = 6, hydrDist=TRUE))[] 
[104] (/usr/share/texmf-texlive/tex/latex/base/utf8.def)
Overfull \hbox (66.78088pt too wide) in paragraph at lines 6624--6624
 []\T1/pcr/m/n/10 wsRcoef(aw, fieldc, wiltp, phi1, phi2, wsFun = c("linear", "l
ogistic", "exp",[] 
(/usr/share/texmf-texlive/tex/latex/base/utf8.def)
Overfull \hbox (0.78088pt too wide) in paragraph at lines 6661--6661
 []\T1/pcr/m/n/10 wtrstr(precipt, evapo, cws, soildepth, fieldc, wiltp, phi1 = 
0.01,[] 
[105]
Overfull \hbox (36.7804pt too wide) in paragraph at lines 6706--6706
 []\T1/pcr/m/n/9 ## Looking at the three possible models for the effect of soil
 moisture on water[] 
[106]
Overfull \hbox (25.98041pt too wide) in paragraph at lines 6716--6716
 []\T1/pcr/m/n/9 wats.Log[i] <- wtrstr(1,1,aws[i],0.5,0.37,0.2,2e-2,4,wsFun=\TS
1/pcr/m/n/9 '\T1/pcr/m/n/9 logistic\TS1/pcr/m/n/9 '\T1/pcr/m/n/9 )$wsPhoto[] 

Overfull \hbox (4.38043pt too wide) in paragraph at lines 6717--6717
 []\T1/pcr/m/n/9 wats.exp[i] <- wtrstr(1,1,aws[i],0.5,0.37,0.2,2e-2,4, wsFun=\T
S1/pcr/m/n/9 '\T1/pcr/m/n/9 exp\TS1/pcr/m/n/9 '\T1/pcr/m/n/9 )$wsPhoto[] 

Overfull \hbox (15.18042pt too wide) in paragraph at lines 6718--6718
 []\T1/pcr/m/n/9 wats.none[i] <- wtrstr(1,1,aws[i],0.5,0.37,0.2,2e-2,4, wsFun=\
TS1/pcr/m/n/9 '\T1/pcr/m/n/9 none\TS1/pcr/m/n/9 '\T1/pcr/m/n/9 )$wsPhoto[] 

Overfull \hbox (90.78033pt too wide) in paragraph at lines 6761--6761
 []\T1/pcr/m/n/9 wats.1 <- wsRcoef(aw=aws,fieldc=0.37,wiltp=0.2,phi1=1e-2,phi2=
1, wsFun=\TS1/pcr/m/n/9 '\T1/pcr/m/n/9 logistic\TS1/pcr/m/n/9 '\T1/pcr/m/n/9 )$
wsPhoto[] 

Overfull \hbox (90.78033pt too wide) in paragraph at lines 6762--6762
 []\T1/pcr/m/n/9 wats.2 <- wsRcoef(aw=aws,fieldc=0.37,wiltp=0.2,phi1=2e-2,phi2=
1, wsFun=\TS1/pcr/m/n/9 '\T1/pcr/m/n/9 logistic\TS1/pcr/m/n/9 '\T1/pcr/m/n/9 )$
wsPhoto[] 

Overfull \hbox (90.78033pt too wide) in paragraph at lines 6763--6763
 []\T1/pcr/m/n/9 wats.3 <- wsRcoef(aw=aws,fieldc=0.37,wiltp=0.2,phi1=3e-2,phi2=
1, wsFun=\TS1/pcr/m/n/9 '\T1/pcr/m/n/9 logistic\TS1/pcr/m/n/9 '\T1/pcr/m/n/9 )$
wsPhoto[] 

Underfull \vbox (badness 10000) has occurred while \output is active [107]
[108] (./Rd2.aux) )
(see the transcript file for additional information){/usr/share/texmf-texlive/f
onts/enc/dvips/base/8r.enc}</usr/share/texmf-texlive/fonts/type1/public/amsfont
s/cm/cmmi10.pfb></usr/share/texmf-texlive/fonts/type1/public/amsfonts/cm/cmr10.
pfb></usr/share/texmf-texlive/fonts/type1/public/amsfonts/cm/cmr7.pfb></usr/sha
re/texmf-texlive/fonts/type1/public/amsfonts/cm/cmsy7.pfb></usr/share/texmf-tex
live/fonts/type1/urw/courier/ucrr8a.pfb></usr/share/texmf-texlive/fonts/type1/u
rw/helvetic/uhvr8a.pfb></usr/share/texmf-texlive/fonts/type1/urw/times/utmb8a.p
fb></usr/share/texmf-texlive/fonts/type1/urw/times/utmr8a.pfb></usr/share/texmf
-texlive/fonts/type1/urw/times/utmr8a.pfb></usr/share/texmf-texlive/fonts/type1
/urw/times/utmri8a.pfb>
Output written on Rd2.pdf (108 pages, 307562 bytes).
Transcript written on Rd2.log.
Saving output to 'BioCro-manual.pdf' ...
Done
You may want to clean up by 'rm -rf /tmp/RtmpgS87Fp/Rd2pdf4ed6c31d4a9'
